{"meta": {"format": 3, "version": "7.13.4", "timestamp": "2026-02-26T18:22:10.803273", "branch_coverage": false, "show_contexts": false}, "files": {"app/__init__.py": {"executed_lines": [4, 5, 6, 7, 8, 9, 10, 11, 12, 13, 14, 15, 16, 18, 21, 31, 32, 35, 36, 37, 38, 41, 42, 57, 59, 72, 81, 82, 83, 84, 85, 90, 91, 92, 93, 94, 95, 96, 97, 101, 102, 104, 105, 107, 108, 109, 110, 111, 114, 117, 120, 122, 125, 128, 129, 132, 133, 136, 137, 140, 141, 144, 145, 148, 149, 152, 153, 156, 157], "summary": {"covered_lines": 69, "num_statements": 85, "percent_covered": 81.17647058823529, "percent_covered_display": "81", "missing_lines": 16, "excluded_lines": 0, "percent_statements_covered": 81.17647058823529, "percent_statements_covered_display": "81"}, "missing_lines": [61, 62, 63, 64, 65, 67, 68, 106, 130, 134, 138, 142, 146, 150, 154, 158], "excluded_lines": [], "functions": {"create_app": {"executed_lines": [31, 32, 35, 36, 37, 38, 41, 42, 72, 81, 82, 83, 84, 85, 90, 91, 92, 93, 94, 95, 96, 97, 101, 102, 114, 117, 120, 122], "summary": {"covered_lines": 28, "num_statements": 28, "percent_covered": 100.0, "percent_covered_display": "100", "missing_lines": 0, "excluded_lines": 0, "percent_statements_covered": 100.0, "percent_statements_covered_display": "100"}, "missing_lines": [], "excluded_lines": [], "start_line": 21}, "create_app.check_if_token_revoked": {"executed_lines": [57, 59], "summary": {"covered_lines": 2, "num_statements": 9, "percent_covered": 22.22222222222222, "percent_covered_display": "22", "missing_lines": 7, "excluded_lines": 0, "percent_statements_covered": 22.22222222222222, "percent_statements_covered_display": "22"}, "missing_lines": [61, 62, 63, 64, 65, 67, 68], "excluded_lines": [], "start_line": 42}, "create_app.health": {"executed_lines": [104, 105, 107, 108, 109, 110, 111], "summary": {"covered_lines": 7, "num_statements": 8, "percent_covered": 87.5, "percent_covered_display": "88", "missing_lines": 1, "excluded_lines": 0, "percent_statements_covered": 87.5, "percent_statements_covered_display": "88"}, "missing_lines": [106], "excluded_lines": [], "start_line": 102}, "_register_error_handlers": {"executed_lines": [128, 129, 132, 133, 136, 137, 140, 141, 144, 145, 148, 149, 152, 153, 156, 157], "summary": {"covered_lines": 16, "num_statements": 16, "percent_covered": 100.0, "percent_covered_display": "100", "missing_lines": 0, "excluded_lines": 0, "percent_statements_covered": 100.0, "percent_statements_covered_display": "100"}, "missing_lines": [], "excluded_lines": [], "start_line": 125}, "_register_error_handlers.bad_request": {"executed_lines": [], "summary": {"covered_lines": 0, "num_statements": 1, "percent_covered": 0.0, "percent_covered_display": "0", "missing_lines": 1, "excluded_lines": 0, "percent_statements_covered": 0.0, "percent_statements_covered_display": "0"}, "missing_lines": [130], "excluded_lines": [], "start_line": 129}, "_register_error_handlers.unauthorized": {"executed_lines": [], "summary": {"covered_lines": 0, "num_statements": 1, "percent_covered": 0.0, "percent_covered_display": "0", "missing_lines": 1, "excluded_lines": 0, "percent_statements_covered": 0.0, "percent_statements_covered_display": "0"}, "missing_lines": [134], "excluded_lines": [], "start_line": 133}, "_register_error_handlers.forbidden": {"executed_lines": [], "summary": {"covered_lines": 0, "num_statements": 1, "percent_covered": 0.0, "percent_covered_display": "0", "missing_lines": 1, "excluded_lines": 0, "percent_statements_covered": 0.0, "percent_statements_covered_display": "0"}, "missing_lines": [138], "excluded_lines": [], "start_line": 137}, "_register_error_handlers.not_found": {"executed_lines": [], "summary": {"covered_lines": 0, "num_statements": 1, "percent_covered": 0.0, "percent_covered_display": "0", "missing_lines": 1, "excluded_lines": 0, "percent_statements_covered": 0.0, "percent_statements_covered_display": "0"}, "missing_lines": [142], "excluded_lines": [], "start_line": 141}, "_register_error_handlers.method_not_allowed": {"executed_lines": [], "summary": {"covered_lines": 0, "num_statements": 1, "percent_covered": 0.0, "percent_covered_display": "0", "missing_lines": 1, "excluded_lines": 0, "percent_statements_covered": 0.0, "percent_statements_covered_display": "0"}, "missing_lines": [146], "excluded_lines": [], "start_line": 145}, "_register_error_handlers.unprocessable": {"executed_lines": [], "summary": {"covered_lines": 0, "num_statements": 1, "percent_covered": 0.0, "percent_covered_display": "0", "missing_lines": 1, "excluded_lines": 0, "percent_statements_covered": 0.0, "percent_statements_covered_display": "0"}, "missing_lines": [150], "excluded_lines": [], "start_line": 149}, "_register_error_handlers.rate_limit_exceeded": {"executed_lines": [], "summary": {"covered_lines": 0, "num_statements": 1, "percent_covered": 0.0, "percent_covered_display": "0", "missing_lines": 1, "excluded_lines": 0, "percent_statements_covered": 0.0, "percent_statements_covered_display": "0"}, "missing_lines": [154], "excluded_lines": [], "start_line": 153}, "_register_error_handlers.internal_error": {"executed_lines": [], "summary": {"covered_lines": 0, "num_statements": 1, "percent_covered": 0.0, "percent_covered_display": "0", "missing_lines": 1, "excluded_lines": 0, "percent_statements_covered": 0.0, "percent_statements_covered_display": "0"}, "missing_lines": [158], "excluded_lines": [], "start_line": 157}, "": {"executed_lines": [4, 5, 6, 7, 8, 9, 10, 11, 12, 13, 14, 15, 16, 18, 21, 125], "summary": {"covered_lines": 16, "num_statements": 16, "percent_covered": 100.0, "percent_covered_display": "100", "missing_lines": 0, "excluded_lines": 0, "percent_statements_covered": 100.0, "percent_statements_covered_display": "100"}, "missing_lines": [], "excluded_lines": [], "start_line": 1}}, "classes": {"": {"executed_lines": [4, 5, 6, 7, 8, 9, 10, 11, 12, 13, 14, 15, 16, 18, 21, 31, 32, 35, 36, 37, 38, 41, 42, 57, 59, 72, 81, 82, 83, 84, 85, 90, 91, 92, 93, 94, 95, 96, 97, 101, 102, 104, 105, 107, 108, 109, 110, 111, 114, 117, 120, 122, 125, 128, 129, 132, 133, 136, 137, 140, 141, 144, 145, 148, 149, 152, 153, 156, 157], "summary": {"covered_lines": 69, "num_statements": 85, "percent_covered": 81.17647058823529, "percent_covered_display": "81", "missing_lines": 16, "excluded_lines": 0, "percent_statements_covered": 81.17647058823529, "percent_statements_covered_display": "81"}, "missing_lines": [61, 62, 63, 64, 65, 67, 68, 106, 130, 134, 138, 142, 146, 150, 154, 158], "excluded_lines": [], "start_line": 1}}}, "app/config.py": {"executed_lines": [4, 5, 6, 8, 11, 13, 14, 16, 17, 20, 23, 24, 25, 27, 31, 32, 35, 36, 39, 40, 43, 44, 47, 48, 49, 51, 52, 53, 54, 55, 58, 60, 62, 63, 64, 65, 68, 70, 71, 72, 73, 74, 76, 100, 102, 103, 104, 105, 106, 107, 108, 111], "summary": {"covered_lines": 52, "num_statements": 60, "percent_covered": 86.66666666666667, "percent_covered_display": "87", "missing_lines": 8, "excluded_lines": 0, "percent_statements_covered": 86.66666666666667, "percent_statements_covered_display": "87"}, "missing_lines": [77, 79, 80, 84, 85, 89, 90, 91], "excluded_lines": [], "functions": {"ProductionConfig.__init__": {"executed_lines": [], "summary": {"covered_lines": 0, "num_statements": 8, "percent_covered": 0.0, "percent_covered_display": "0", "missing_lines": 8, "excluded_lines": 0, "percent_statements_covered": 0.0, "percent_statements_covered_display": "0"}, "missing_lines": [77, 79, 80, 84, 85, 89, 90, 91], "excluded_lines": [], "start_line": 76}, "": {"executed_lines": [4, 5, 6, 8, 11, 13, 14, 16, 17, 20, 23, 24, 25, 27, 31, 32, 35, 36, 39, 40, 43, 44, 47, 48, 49, 51, 52, 53, 54, 55, 58, 60, 62, 63, 64, 65, 68, 70, 71, 72, 73, 74, 76, 100, 102, 103, 104, 105, 106, 107, 108, 111], "summary": {"covered_lines": 52, "num_statements": 52, "percent_covered": 100.0, "percent_covered_display": "100", "missing_lines": 0, "excluded_lines": 0, "percent_statements_covered": 100.0, "percent_statements_covered_display": "100"}, "missing_lines": [], "excluded_lines": [], "start_line": 1}}, "classes": {"Config": {"executed_lines": [], "summary": {"covered_lines": 0, "num_statements": 0, "percent_covered": 100.0, "percent_covered_display": "100", "missing_lines": 0, "excluded_lines": 0, "percent_statements_covered": 100.0, "percent_statements_covered_display": "100"}, "missing_lines": [], "excluded_lines": [], "start_line": 11}, "DevelopmentConfig": {"executed_lines": [], "summary": {"covered_lines": 0, "num_statements": 0, "percent_covered": 100.0, "percent_covered_display": "100", "missing_lines": 0, "excluded_lines": 0, "percent_statements_covered": 100.0, "percent_statements_covered_display": "100"}, "missing_lines": [], "excluded_lines": [], "start_line": 58}, "ProductionConfig": {"executed_lines": [], "summary": {"covered_lines": 0, "num_statements": 8, "percent_covered": 0.0, "percent_covered_display": "0", "missing_lines": 8, "excluded_lines": 0, "percent_statements_covered": 0.0, "percent_statements_covered_display": "0"}, "missing_lines": [77, 79, 80, 84, 85, 89, 90, 91], "excluded_lines": [], "start_line": 68}, "TestingConfig": {"executed_lines": [], "summary": {"covered_lines": 0, "num_statements": 0, "percent_covered": 100.0, "percent_covered_display": "100", "missing_lines": 0, "excluded_lines": 0, "percent_statements_covered": 100.0, "percent_statements_covered_display": "100"}, "missing_lines": [], "excluded_lines": [], "start_line": 100}, "": {"executed_lines": [4, 5, 6, 8, 11, 13, 14, 16, 17, 20, 23, 24, 25, 27, 31, 32, 35, 36, 39, 40, 43, 44, 47, 48, 49, 51, 52, 53, 54, 55, 58, 60, 62, 63, 64, 65, 68, 70, 71, 72, 73, 74, 76, 100, 102, 103, 104, 105, 106, 107, 108, 111], "summary": {"covered_lines": 52, "num_statements": 52, "percent_covered": 100.0, "percent_covered_display": "100", "missing_lines": 0, "excluded_lines": 0, "percent_statements_covered": 100.0, "percent_statements_covered_display": "100"}, "missing_lines": [], "excluded_lines": [], "start_line": 1}}}, "app/extensions.py": {"executed_lines": [4, 5, 6, 7, 8, 9, 10, 12, 13, 14, 15, 19, 26, 28, 30, 31, 32, 33, 35, 36, 47, 49, 50, 51, 58, 84], "summary": {"covered_lines": 26, "num_statements": 35, "percent_covered": 74.28571428571429, "percent_covered_display": "74", "missing_lines": 9, "excluded_lines": 0, "percent_statements_covered": 74.28571428571429, "percent_statements_covered_display": "74"}, "missing_lines": [48, 61, 62, 70, 71, 72, 73, 74, 81], "excluded_lines": [], "functions": {"get_jwt_redis_client": {"executed_lines": [26, 28, 30, 31, 32, 33, 35, 36, 47, 49, 50, 51, 58], "summary": {"covered_lines": 13, "num_statements": 22, "percent_covered": 59.09090909090909, "percent_covered_display": "59", "missing_lines": 9, "excluded_lines": 0, "percent_statements_covered": 59.09090909090909, "percent_statements_covered_display": "59"}, "missing_lines": [48, 61, 62, 70, 71, 72, 73, 74, 81], "excluded_lines": [], "start_line": 19}, "": {"executed_lines": [4, 5, 6, 7, 8, 9, 10, 12, 13, 14, 15, 19, 84], "summary": {"covered_lines": 13, "num_statements": 13, "percent_covered": 100.0, "percent_covered_display": "100", "missing_lines": 0, "excluded_lines": 0, "percent_statements_covered": 100.0, "percent_statements_covered_display": "100"}, "missing_lines": [], "excluded_lines": [], "start_line": 1}}, "classes": {"": {"executed_lines": [4, 5, 6, 7, 8, 9, 10, 12, 13, 14, 15, 19, 26, 28, 30, 31, 32, 33, 35, 36, 47, 49, 50, 51, 58, 84], "summary": {"covered_lines": 26, "num_statements": 35, "percent_covered": 74.28571428571429, "percent_covered_display": "74", "missing_lines": 9, "excluded_lines": 0, "percent_statements_covered": 74.28571428571429, "percent_statements_covered_display": "74"}, "missing_lines": [48, 61, 62, 70, 71, 72, 73, 74, 81], "excluded_lines": [], "start_line": 1}}}, "app/middleware/auth_middleware.py": {"executed_lines": [4, 5, 6, 7, 8, 11, 16, 17, 18, 19, 20, 21, 22, 23, 24, 25, 28, 37, 38, 39, 40, 41, 42, 43, 44, 45, 48, 49, 50, 51, 52, 53, 54, 55], "summary": {"covered_lines": 34, "num_statements": 34, "percent_covered": 100.0, "percent_covered_display": "100", "missing_lines": 0, "excluded_lines": 0, "percent_statements_covered": 100.0, "percent_statements_covered_display": "100"}, "missing_lines": [], "excluded_lines": [], "functions": {"require_auth": {"executed_lines": [16, 17, 25], "summary": {"covered_lines": 3, "num_statements": 3, "percent_covered": 100.0, "percent_covered_display": "100", "missing_lines": 0, "excluded_lines": 0, "percent_statements_covered": 100.0, "percent_statements_covered_display": "100"}, "missing_lines": [], "excluded_lines": [], "start_line": 11}, "require_auth.decorated": {"executed_lines": [18, 19, 20, 21, 22, 23, 24], "summary": {"covered_lines": 7, "num_statements": 7, "percent_covered": 100.0, "percent_covered_display": "100", "missing_lines": 0, "excluded_lines": 0, "percent_statements_covered": 100.0, "percent_statements_covered_display": "100"}, "missing_lines": [], "excluded_lines": [], "start_line": 17}, "require_role": {"executed_lines": [37, 38, 55], "summary": {"covered_lines": 3, "num_statements": 3, "percent_covered": 100.0, "percent_covered_display": "100", "missing_lines": 0, "excluded_lines": 0, "percent_statements_covered": 100.0, "percent_statements_covered_display": "100"}, "missing_lines": [], "excluded_lines": [], "start_line": 28}, "require_role.decorator": {"executed_lines": [39, 54], "summary": {"covered_lines": 2, "num_statements": 2, "percent_covered": 100.0, "percent_covered_display": "100", "missing_lines": 0, "excluded_lines": 0, "percent_statements_covered": 100.0, "percent_statements_covered_display": "100"}, "missing_lines": [], "excluded_lines": [], "start_line": 37}, "require_role.decorator.decorated": {"executed_lines": [40, 41, 42, 43, 44, 45, 48, 49, 50, 51, 52, 53], "summary": {"covered_lines": 12, "num_statements": 12, "percent_covered": 100.0, "percent_covered_display": "100", "missing_lines": 0, "excluded_lines": 0, "percent_statements_covered": 100.0, "percent_statements_covered_display": "100"}, "missing_lines": [], "excluded_lines": [], "start_line": 39}, "": {"executed_lines": [4, 5, 6, 7, 8, 11, 28], "summary": {"covered_lines": 7, "num_statements": 7, "percent_covered": 100.0, "percent_covered_display": "100", "missing_lines": 0, "excluded_lines": 0, "percent_statements_covered": 100.0, "percent_statements_covered_display": "100"}, "missing_lines": [], "excluded_lines": [], "start_line": 1}}, "classes": {"": {"executed_lines": [4, 5, 6, 7, 8, 11, 16, 17, 18, 19, 20, 21, 22, 23, 24, 25, 28, 37, 38, 39, 40, 41, 42, 43, 44, 45, 48, 49, 50, 51, 52, 53, 54, 55], "summary": {"covered_lines": 34, "num_statements": 34, "percent_covered": 100.0, "percent_covered_display": "100", "missing_lines": 0, "excluded_lines": 0, "percent_statements_covered": 100.0, "percent_statements_covered_display": "100"}, "missing_lines": [], "excluded_lines": [], "start_line": 1}}}, "app/middleware/request_logging.py": {"executed_lines": [11, 12, 13, 14, 16, 19, 22, 23, 24, 26, 27, 29, 31, 32, 33, 34, 36, 43, 44, 45, 46, 53], "summary": {"covered_lines": 22, "num_statements": 23, "percent_covered": 95.65217391304348, "percent_covered_display": "96", "missing_lines": 1, "excluded_lines": 0, "percent_statements_covered": 95.65217391304348, "percent_statements_covered_display": "96"}, "missing_lines": [30], "excluded_lines": [], "functions": {"init_request_logging": {"executed_lines": [22, 23, 43, 44], "summary": {"covered_lines": 4, "num_statements": 4, "percent_covered": 100.0, "percent_covered_display": "100", "missing_lines": 0, "excluded_lines": 0, "percent_statements_covered": 100.0, "percent_statements_covered_display": "100"}, "missing_lines": [], "excluded_lines": [], "start_line": 19}, "init_request_logging._log_request": {"executed_lines": [24, 26, 27, 29, 31, 32, 33, 34, 36], "summary": {"covered_lines": 9, "num_statements": 10, "percent_covered": 90.0, "percent_covered_display": "90", "missing_lines": 1, "excluded_lines": 0, "percent_statements_covered": 90.0, "percent_statements_covered_display": "90"}, "missing_lines": [30], "excluded_lines": [], "start_line": 23}, "init_request_logging._log_response": {"executed_lines": [45, 46, 53], "summary": {"covered_lines": 3, "num_statements": 3, "percent_covered": 100.0, "percent_covered_display": "100", "missing_lines": 0, "excluded_lines": 0, "percent_statements_covered": 100.0, "percent_statements_covered_display": "100"}, "missing_lines": [], "excluded_lines": [], "start_line": 44}, "": {"executed_lines": [11, 12, 13, 14, 16, 19], "summary": {"covered_lines": 6, "num_statements": 6, "percent_covered": 100.0, "percent_covered_display": "100", "missing_lines": 0, "excluded_lines": 0, "percent_statements_covered": 100.0, "percent_statements_covered_display": "100"}, "missing_lines": [], "excluded_lines": [], "start_line": 1}}, "classes": {"": {"executed_lines": [11, 12, 13, 14, 16, 19, 22, 23, 24, 26, 27, 29, 31, 32, 33, 34, 36, 43, 44, 45, 46, 53], "summary": {"covered_lines": 22, "num_statements": 23, "percent_covered": 95.65217391304348, "percent_covered_display": "96", "missing_lines": 1, "excluded_lines": 0, "percent_statements_covered": 95.65217391304348, "percent_statements_covered_display": "96"}, "missing_lines": [30], "excluded_lines": [], "start_line": 1}}}, "app/middleware/security_headers.py": {"executed_lines": [11, 12, 15, 26, 27, 32, 44, 47, 51, 52, 55, 58, 59, 62, 66, 70, 83, 85], "summary": {"covered_lines": 18, "num_statements": 27, "percent_covered": 66.66666666666667, "percent_covered_display": "67", "missing_lines": 9, "excluded_lines": 0, "percent_statements_covered": 66.66666666666667, "percent_statements_covered_display": "67"}, "missing_lines": [71, 72, 73, 75, 76, 77, 78, 79, 81], "excluded_lines": [], "functions": {"init_security_headers": {"executed_lines": [26, 27, 85], "summary": {"covered_lines": 3, "num_statements": 3, "percent_covered": 100.0, "percent_covered_display": "100", "missing_lines": 0, "excluded_lines": 0, "percent_statements_covered": 100.0, "percent_statements_covered_display": "100"}, "missing_lines": [], "excluded_lines": [], "start_line": 15}, "init_security_headers.set_security_headers": {"executed_lines": [32, 44, 47, 51, 52, 55, 58, 59, 62, 66, 70, 83], "summary": {"covered_lines": 12, "num_statements": 21, "percent_covered": 57.142857142857146, "percent_covered_display": "57", "missing_lines": 9, "excluded_lines": 0, "percent_statements_covered": 57.142857142857146, "percent_statements_covered_display": "57"}, "missing_lines": [71, 72, 73, 75, 76, 77, 78, 79, 81], "excluded_lines": [], "start_line": 27}, "": {"executed_lines": [11, 12, 15], "summary": {"covered_lines": 3, "num_statements": 3, "percent_covered": 100.0, "percent_covered_display": "100", "missing_lines": 0, "excluded_lines": 0, "percent_statements_covered": 100.0, "percent_statements_covered_display": "100"}, "missing_lines": [], "excluded_lines": [], "start_line": 1}}, "classes": {"": {"executed_lines": [11, 12, 15, 26, 27, 32, 44, 47, 51, 52, 55, 58, 59, 62, 66, 70, 83, 85], "summary": {"covered_lines": 18, "num_statements": 27, "percent_covered": 66.66666666666667, "percent_covered_display": "67", "missing_lines": 9, "excluded_lines": 0, "percent_statements_covered": 66.66666666666667, "percent_statements_covered_display": "67"}, "missing_lines": [71, 72, 73, 75, 76, 77, 78, 79, 81], "excluded_lines": [], "start_line": 1}}}, "app/routes/__init__.py": {"executed_lines": [], "summary": {"covered_lines": 0, "num_statements": 0, "percent_covered": 100.0, "percent_covered_display": "100", "missing_lines": 0, "excluded_lines": 0, "percent_statements_covered": 100.0, "percent_statements_covered_display": "100"}, "missing_lines": [], "excluded_lines": [], "functions": {"": {"executed_lines": [], "summary": {"covered_lines": 0, "num_statements": 0, "percent_covered": 100.0, "percent_covered_display": "100", "missing_lines": 0, "excluded_lines": 0, "percent_statements_covered": 100.0, "percent_statements_covered_display": "100"}, "missing_lines": [], "excluded_lines": [], "start_line": 1}}, "classes": {"": {"executed_lines": [], "summary": {"covered_lines": 0, "num_statements": 0, "percent_covered": 100.0, "percent_covered_display": "100", "missing_lines": 0, "excluded_lines": 0, "percent_statements_covered": 100.0, "percent_statements_covered_display": "100"}, "missing_lines": [], "excluded_lines": [], "start_line": 1}}}, "app/routes/admin.py": {"executed_lines": [5, 6, 7, 8, 9, 10, 11, 12, 14, 15, 16, 22, 23, 24, 80, 81, 82, 83, 119, 120, 121, 137, 138, 139, 140, 154, 155, 156, 157, 186, 187, 188, 189], "summary": {"covered_lines": 33, "num_statements": 106, "percent_covered": 31.132075471698112, "percent_covered_display": "31", "missing_lines": 73, "excluded_lines": 0, "percent_statements_covered": 31.132075471698112, "percent_statements_covered_display": "31"}, "missing_lines": [26, 27, 30, 31, 32, 33, 34, 35, 38, 39, 40, 43, 47, 48, 50, 55, 56, 58, 84, 85, 86, 87, 90, 91, 92, 95, 96, 97, 99, 101, 102, 103, 104, 106, 107, 108, 111, 113, 122, 123, 124, 125, 126, 127, 128, 129, 142, 143, 144, 146, 148, 160, 161, 162, 165, 166, 167, 169, 170, 171, 172, 174, 175, 176, 178, 180, 191, 192, 193, 194, 195, 197, 203], "excluded_lines": [], "functions": {"system_stats": {"executed_lines": [], "summary": {"covered_lines": 0, "num_statements": 18, "percent_covered": 0.0, "percent_covered_display": "0", "missing_lines": 18, "excluded_lines": 0, "percent_statements_covered": 0.0, "percent_statements_covered_display": "0"}, "missing_lines": [26, 27, 30, 31, 32, 33, 34, 35, 38, 39, 40, 43, 47, 48, 50, 55, 56, 58], "excluded_lines": [], "start_line": 24}, "change_user_role": {"executed_lines": [], "summary": {"covered_lines": 0, "num_statements": 20, "percent_covered": 0.0, "percent_covered_display": "0", "missing_lines": 20, "excluded_lines": 0, "percent_statements_covered": 0.0, "percent_statements_covered_display": "0"}, "missing_lines": [84, 85, 86, 87, 90, 91, 92, 95, 96, 97, 99, 101, 102, 103, 104, 106, 107, 108, 111, 113], "excluded_lines": [], "start_line": 83}, "list_all_users": {"executed_lines": [], "summary": {"covered_lines": 0, "num_statements": 8, "percent_covered": 0.0, "percent_covered_display": "0", "missing_lines": 8, "excluded_lines": 0, "percent_statements_covered": 0.0, "percent_statements_covered_display": "0"}, "missing_lines": [122, 123, 124, 125, 126, 127, 128, 129], "excluded_lines": [], "start_line": 121}, "activate_user": {"executed_lines": [], "summary": {"covered_lines": 0, "num_statements": 5, "percent_covered": 0.0, "percent_covered_display": "0", "missing_lines": 5, "excluded_lines": 0, "percent_statements_covered": 0.0, "percent_statements_covered_display": "0"}, "missing_lines": [142, 143, 144, 146, 148], "excluded_lines": [], "start_line": 140}, "deactivate_user": {"executed_lines": [], "summary": {"covered_lines": 0, "num_statements": 15, "percent_covered": 0.0, "percent_covered_display": "0", "missing_lines": 15, "excluded_lines": 0, "percent_statements_covered": 0.0, "percent_statements_covered_display": "0"}, "missing_lines": [160, 161, 162, 165, 166, 167, 169, 170, 171, 172, 174, 175, 176, 178, 180], "excluded_lines": [], "start_line": 157}, "bulk_delete_breaches": {"executed_lines": [], "summary": {"covered_lines": 0, "num_statements": 7, "percent_covered": 0.0, "percent_covered_display": "0", "missing_lines": 7, "excluded_lines": 0, "percent_statements_covered": 0.0, "percent_statements_covered_display": "0"}, "missing_lines": [191, 192, 193, 194, 195, 197, 203], "excluded_lines": [], "start_line": 189}, "": {"executed_lines": [5, 6, 7, 8, 9, 10, 11, 12, 14, 15, 16, 22, 23, 24, 80, 81, 82, 83, 119, 120, 121, 137, 138, 139, 140, 154, 155, 156, 157, 186, 187, 188, 189], "summary": {"covered_lines": 33, "num_statements": 33, "percent_covered": 100.0, "percent_covered_display": "100", "missing_lines": 0, "excluded_lines": 0, "percent_statements_covered": 100.0, "percent_statements_covered_display": "100"}, "missing_lines": [], "excluded_lines": [], "start_line": 1}}, "classes": {"": {"executed_lines": [5, 6, 7, 8, 9, 10, 11, 12, 14, 15, 16, 22, 23, 24, 80, 81, 82, 83, 119, 120, 121, 137, 138, 139, 140, 154, 155, 156, 157, 186, 187, 188, 189], "summary": {"covered_lines": 33, "num_statements": 106, "percent_covered": 31.132075471698112, "percent_covered_display": "31", "missing_lines": 73, "excluded_lines": 0, "percent_statements_covered": 31.132075471698112, "percent_statements_covered_display": "31"}, "missing_lines": [26, 27, 30, 31, 32, 33, 34, 35, 38, 39, 40, 43, 47, 48, 50, 55, 56, 58, 84, 85, 86, 87, 90, 91, 92, 95, 96, 97, 99, 101, 102, 103, 104, 106, 107, 108, 111, 113, 122, 123, 124, 125, 126, 127, 128, 129, 142, 143, 144, 146, 148, 160, 161, 162, 165, 166, 167, 169, 170, 171, 172, 174, 175, 176, 178, 180, 191, 192, 193, 194, 195, 197, 203], "excluded_lines": [], "start_line": 1}}}, "app/routes/analytics.py": {"executed_lines": [5, 6, 7, 8, 10, 11, 14, 15, 16, 17, 18, 21, 22, 23, 24, 27, 28, 29, 30, 31, 32, 33, 34, 35, 36, 37, 40, 41, 42, 43, 44, 45, 48, 49, 52, 53, 54, 55, 58, 59, 60, 65, 66, 67, 72, 73, 74, 79, 80, 81, 82, 83, 86, 87, 90, 91, 92, 93], "summary": {"covered_lines": 58, "num_statements": 68, "percent_covered": 85.29411764705883, "percent_covered_display": "85", "missing_lines": 10, "excluded_lines": 0, "percent_statements_covered": 85.29411764705883, "percent_statements_covered_display": "85"}, "missing_lines": [46, 47, 61, 62, 68, 69, 75, 76, 84, 85], "excluded_lines": [], "functions": {"risk_by_industry": {"executed_lines": [17, 18], "summary": {"covered_lines": 2, "num_statements": 2, "percent_covered": 100.0, "percent_covered_display": "100", "missing_lines": 0, "excluded_lines": 0, "percent_statements_covered": 100.0, "percent_statements_covered_display": "100"}, "missing_lines": [], "excluded_lines": [], "start_line": 16}, "severity_breakdown": {"executed_lines": [23, 24], "summary": {"covered_lines": 2, "num_statements": 2, "percent_covered": 100.0, "percent_covered_display": "100", "missing_lines": 0, "excluded_lines": 0, "percent_statements_covered": 100.0, "percent_statements_covered_display": "100"}, "missing_lines": [], "excluded_lines": [], "start_line": 22}, "monthly_trend": {"executed_lines": [29, 30, 31, 32, 33, 34, 35, 36, 37], "summary": {"covered_lines": 9, "num_statements": 9, "percent_covered": 100.0, "percent_covered_display": "100", "missing_lines": 0, "excluded_lines": 0, "percent_statements_covered": 100.0, "percent_statements_covered_display": "100"}, "missing_lines": [], "excluded_lines": [], "start_line": 28}, "top_organisations": {"executed_lines": [43, 44, 45, 48, 49], "summary": {"covered_lines": 5, "num_statements": 7, "percent_covered": 71.42857142857143, "percent_covered_display": "71", "missing_lines": 2, "excluded_lines": 0, "percent_statements_covered": 71.42857142857143, "percent_statements_covered_display": "71"}, "missing_lines": [46, 47], "excluded_lines": [], "start_line": 42}, "data_types_frequency": {"executed_lines": [54, 55], "summary": {"covered_lines": 2, "num_statements": 2, "percent_covered": 100.0, "percent_covered_display": "100", "missing_lines": 0, "excluded_lines": 0, "percent_statements_covered": 100.0, "percent_statements_covered_display": "100"}, "missing_lines": [], "excluded_lines": [], "start_line": 53}, "remediation_rate": {"executed_lines": [], "summary": {"covered_lines": 0, "num_statements": 2, "percent_covered": 0.0, "percent_covered_display": "0", "missing_lines": 2, "excluded_lines": 0, "percent_statements_covered": 0.0, "percent_statements_covered_display": "0"}, "missing_lines": [61, 62], "excluded_lines": [], "start_line": 60}, "alert_acknowledgement": {"executed_lines": [], "summary": {"covered_lines": 0, "num_statements": 2, "percent_covered": 0.0, "percent_covered_display": "0", "missing_lines": 2, "excluded_lines": 0, "percent_statements_covered": 0.0, "percent_statements_covered_display": "0"}, "missing_lines": [68, 69], "excluded_lines": [], "start_line": 67}, "industry_year_trend": {"executed_lines": [], "summary": {"covered_lines": 0, "num_statements": 2, "percent_covered": 0.0, "percent_covered_display": "0", "missing_lines": 2, "excluded_lines": 0, "percent_statements_covered": 0.0, "percent_statements_covered_display": "0"}, "missing_lines": [75, 76], "excluded_lines": [], "start_line": 74}, "risk_scores": {"executed_lines": [81, 82, 83, 86, 87], "summary": {"covered_lines": 5, "num_statements": 7, "percent_covered": 71.42857142857143, "percent_covered_display": "71", "missing_lines": 2, "excluded_lines": 0, "percent_statements_covered": 71.42857142857143, "percent_statements_covered_display": "71"}, "missing_lines": [84, 85], "excluded_lines": [], "start_line": 80}, "summary": {"executed_lines": [92, 93], "summary": {"covered_lines": 2, "num_statements": 2, "percent_covered": 100.0, "percent_covered_display": "100", "missing_lines": 0, "excluded_lines": 0, "percent_statements_covered": 100.0, "percent_statements_covered_display": "100"}, "missing_lines": [], "excluded_lines": [], "start_line": 91}, "": {"executed_lines": [5, 6, 7, 8, 10, 11, 14, 15, 16, 21, 22, 27, 28, 40, 41, 42, 52, 53, 58, 59, 60, 65, 66, 67, 72, 73, 74, 79, 80, 90, 91], "summary": {"covered_lines": 31, "num_statements": 31, "percent_covered": 100.0, "percent_covered_display": "100", "missing_lines": 0, "excluded_lines": 0, "percent_statements_covered": 100.0, "percent_statements_covered_display": "100"}, "missing_lines": [], "excluded_lines": [], "start_line": 1}}, "classes": {"": {"executed_lines": [5, 6, 7, 8, 10, 11, 14, 15, 16, 17, 18, 21, 22, 23, 24, 27, 28, 29, 30, 31, 32, 33, 34, 35, 36, 37, 40, 41, 42, 43, 44, 45, 48, 49, 52, 53, 54, 55, 58, 59, 60, 65, 66, 67, 72, 73, 74, 79, 80, 81, 82, 83, 86, 87, 90, 91, 92, 93], "summary": {"covered_lines": 58, "num_statements": 68, "percent_covered": 85.29411764705883, "percent_covered_display": "85", "missing_lines": 10, "excluded_lines": 0, "percent_statements_covered": 85.29411764705883, "percent_statements_covered_display": "85"}, "missing_lines": [46, 47, 61, 62, 68, 69, 75, 76, 84, 85], "excluded_lines": [], "start_line": 1}}}, "app/routes/auth.py": {"executed_lines": [5, 6, 7, 13, 21, 22, 23, 24, 25, 26, 27, 28, 29, 31, 32, 34, 35, 38, 39, 40, 41, 42, 43, 44, 45, 46, 47, 48, 49, 51, 57, 58, 59, 60, 61, 62, 63, 69, 71, 77, 78, 79, 84, 87, 94, 101, 102, 108, 109, 110, 111, 112, 113, 118, 120, 121, 122, 127, 130, 137, 143, 144, 145, 165, 166, 167, 233, 234, 235, 236, 237, 239, 253, 254, 255, 323, 324, 325], "summary": {"covered_lines": 78, "num_statements": 147, "percent_covered": 53.06122448979592, "percent_covered_display": "53", "missing_lines": 69, "excluded_lines": 0, "percent_statements_covered": 53.06122448979592, "percent_statements_covered_display": "53"}, "missing_lines": [50, 146, 147, 148, 149, 150, 151, 152, 153, 154, 155, 157, 158, 159, 174, 176, 178, 183, 186, 188, 189, 190, 191, 193, 195, 202, 209, 213, 215, 217, 224, 238, 262, 263, 265, 266, 271, 274, 276, 278, 283, 287, 289, 291, 292, 299, 305, 308, 315, 333, 334, 335, 337, 338, 340, 341, 344, 345, 351, 357, 359, 360, 368, 369, 370, 371, 373, 376, 382], "excluded_lines": [], "functions": {"_validate_registration": {"executed_lines": [39, 40, 41, 42, 43, 44, 45, 46, 47, 48, 49, 51], "summary": {"covered_lines": 12, "num_statements": 13, "percent_covered": 92.3076923076923, "percent_covered_display": "92", "missing_lines": 1, "excluded_lines": 0, "percent_statements_covered": 92.3076923076923, "percent_statements_covered_display": "92"}, "missing_lines": [50], "excluded_lines": [], "start_line": 38}, "register": {"executed_lines": [60, 61, 62, 63, 69, 71, 77, 78, 79, 84, 87, 94, 101, 102], "summary": {"covered_lines": 14, "num_statements": 14, "percent_covered": 100.0, "percent_covered_display": "100", "missing_lines": 0, "excluded_lines": 0, "percent_statements_covered": 100.0, "percent_statements_covered_display": "100"}, "missing_lines": [], "excluded_lines": [], "start_line": 59}, "login": {"executed_lines": [111, 112, 113, 118, 120, 121, 122, 127, 130, 137], "summary": {"covered_lines": 10, "num_statements": 10, "percent_covered": 100.0, "percent_covered_display": "100", "missing_lines": 0, "excluded_lines": 0, "percent_statements_covered": 100.0, "percent_statements_covered_display": "100"}, "missing_lines": [], "excluded_lines": [], "start_line": 110}, "refresh": {"executed_lines": [], "summary": {"covered_lines": 0, "num_statements": 13, "percent_covered": 0.0, "percent_covered_display": "0", "missing_lines": 13, "excluded_lines": 0, "percent_statements_covered": 0.0, "percent_statements_covered_display": "0"}, "missing_lines": [146, 147, 148, 149, 150, 151, 152, 153, 154, 155, 157, 158, 159], "excluded_lines": [], "start_line": 145}, "logout": {"executed_lines": [], "summary": {"covered_lines": 0, "num_statements": 17, "percent_covered": 0.0, "percent_covered_display": "0", "missing_lines": 17, "excluded_lines": 0, "percent_statements_covered": 0.0, "percent_statements_covered_display": "0"}, "missing_lines": [174, 176, 178, 183, 186, 188, 189, 190, 191, 193, 195, 202, 209, 213, 215, 217, 224], "excluded_lines": [], "start_line": 167}, "me": {"executed_lines": [236, 237, 239], "summary": {"covered_lines": 3, "num_statements": 4, "percent_covered": 75.0, "percent_covered_display": "75", "missing_lines": 1, "excluded_lines": 0, "percent_statements_covered": 75.0, "percent_statements_covered_display": "75"}, "missing_lines": [238], "excluded_lines": [], "start_line": 235}, "forgot_password": {"executed_lines": [], "summary": {"covered_lines": 0, "num_statements": 17, "percent_covered": 0.0, "percent_covered_display": "0", "missing_lines": 17, "excluded_lines": 0, "percent_statements_covered": 0.0, "percent_statements_covered_display": "0"}, "missing_lines": [262, 263, 265, 266, 271, 274, 276, 278, 283, 287, 289, 291, 292, 299, 305, 308, 315], "excluded_lines": [], "start_line": 255}, "reset_password": {"executed_lines": [], "summary": {"covered_lines": 0, "num_statements": 20, "percent_covered": 0.0, "percent_covered_display": "0", "missing_lines": 20, "excluded_lines": 0, "percent_statements_covered": 0.0, "percent_statements_covered_display": "0"}, "missing_lines": [333, 334, 335, 337, 338, 340, 341, 344, 345, 351, 357, 359, 360, 368, 369, 370, 371, 373, 376, 382], "excluded_lines": [], "start_line": 325}, "": {"executed_lines": [5, 6, 7, 13, 21, 22, 23, 24, 25, 26, 27, 28, 29, 31, 32, 34, 35, 38, 57, 58, 59, 108, 109, 110, 143, 144, 145, 165, 166, 167, 233, 234, 235, 253, 254, 255, 323, 324, 325], "summary": {"covered_lines": 39, "num_statements": 39, "percent_covered": 100.0, "percent_covered_display": "100", "missing_lines": 0, "excluded_lines": 0, "percent_statements_covered": 100.0, "percent_statements_covered_display": "100"}, "missing_lines": [], "excluded_lines": [], "start_line": 1}}, "classes": {"": {"executed_lines": [5, 6, 7, 13, 21, 22, 23, 24, 25, 26, 27, 28, 29, 31, 32, 34, 35, 38, 39, 40, 41, 42, 43, 44, 45, 46, 47, 48, 49, 51, 57, 58, 59, 60, 61, 62, 63, 69, 71, 77, 78, 79, 84, 87, 94, 101, 102, 108, 109, 110, 111, 112, 113, 118, 120, 121, 122, 127, 130, 137, 143, 144, 145, 165, 166, 167, 233, 234, 235, 236, 237, 239, 253, 254, 255, 323, 324, 325], "summary": {"covered_lines": 78, "num_statements": 147, "percent_covered": 53.06122448979592, "percent_covered_display": "53", "missing_lines": 69, "excluded_lines": 0, "percent_statements_covered": 53.06122448979592, "percent_statements_covered_display": "53"}, "missing_lines": [50, 146, 147, 148, 149, 150, 151, 152, 153, 154, 155, 157, 158, 159, 174, 176, 178, 183, 186, 188, 189, 190, 191, 193, 195, 202, 209, 213, 215, 217, 224, 238, 262, 263, 265, 266, 271, 274, 276, 278, 283, 287, 289, 291, 292, 299, 305, 308, 315, 333, 334, 335, 337, 338, 340, 341, 344, 345, 351, 357, 359, 360, 368, 369, 370, 371, 373, 376, 382], "excluded_lines": [], "start_line": 1}}}, "app/routes/breaches.py": {"executed_lines": [14, 15, 16, 17, 18, 19, 20, 21, 33, 39, 40, 43, 44, 46, 56, 57, 58, 59, 60, 61, 62, 63, 65, 66, 67, 68, 69, 70, 72, 73, 74, 76, 82, 83, 84, 85, 86, 95, 100, 101, 109, 110, 111, 112, 113, 114, 115, 124, 125, 126, 127, 128, 129, 130, 131, 132, 133, 139, 140, 141, 142, 145, 147, 148, 149, 150, 151, 152, 153, 159, 160, 161, 186, 187, 188, 215, 216, 217, 218, 219, 220, 221, 223, 225, 232, 233, 234, 235, 236, 237, 238, 239, 240, 242, 243, 250, 251, 276, 277, 302, 303, 315, 316, 317, 318, 319, 321, 324, 325, 326, 333, 334, 335, 336, 337, 338, 339, 340, 341, 343, 344, 345, 348, 349, 350, 361, 362, 363, 364, 365, 367, 374, 375, 376, 377, 378, 380, 383, 384, 385, 392, 393, 394, 395, 396, 397, 398, 399, 400, 402, 403, 404, 407, 408, 409, 420, 421, 422, 433, 434, 435, 442, 443, 444, 451, 452, 453, 466, 467, 468, 479, 480, 481, 492, 493, 494, 501, 502, 503, 510, 511, 512, 513, 514, 515, 516, 517, 518, 520, 521, 522, 525, 526, 527, 528, 529, 530, 532, 533, 535, 538, 539, 540], "summary": {"covered_lines": 203, "num_statements": 361, "percent_covered": 56.232686980609415, "percent_covered_display": "56", "missing_lines": 158, "excluded_lines": 0, "percent_statements_covered": 56.232686980609415, "percent_statements_covered_display": "56"}, "missing_lines": [45, 75, 77, 78, 79, 87, 88, 89, 91, 92, 93, 116, 117, 118, 120, 121, 122, 162, 165, 167, 168, 169, 171, 176, 177, 178, 179, 180, 189, 190, 191, 194, 196, 197, 198, 200, 205, 206, 207, 208, 209, 241, 252, 253, 254, 255, 256, 257, 259, 260, 261, 262, 263, 264, 265, 267, 268, 269, 278, 279, 280, 281, 282, 283, 284, 285, 286, 287, 288, 290, 294, 295, 297, 298, 299, 304, 305, 306, 307, 308, 320, 327, 328, 329, 330, 342, 351, 352, 353, 354, 355, 356, 357, 358, 366, 379, 386, 387, 388, 389, 401, 410, 411, 412, 413, 414, 415, 416, 417, 423, 424, 425, 426, 436, 437, 438, 439, 445, 446, 447, 448, 454, 455, 456, 457, 458, 459, 460, 461, 462, 463, 469, 470, 471, 472, 473, 474, 475, 476, 482, 483, 484, 485, 495, 496, 497, 498, 504, 505, 506, 507, 519, 531, 534, 541, 542, 543, 544], "excluded_lines": [], "functions": {"_not_found_or_invalid": {"executed_lines": [44, 46], "summary": {"covered_lines": 2, "num_statements": 3, "percent_covered": 66.66666666666667, "percent_covered_display": "67", "missing_lines": 1, "excluded_lines": 0, "percent_statements_covered": 66.66666666666667, "percent_statements_covered_display": "67"}, "missing_lines": [45], "excluded_lines": [], "start_line": 43}, "list_breaches": {"executed_lines": [58, 59, 60, 61, 62, 63, 65, 66, 67, 68, 69, 70, 72, 73, 74, 76, 82, 83, 84, 85, 86, 95, 100, 101], "summary": {"covered_lines": 24, "num_statements": 34, "percent_covered": 70.58823529411765, "percent_covered_display": "71", "missing_lines": 10, "excluded_lines": 0, "percent_statements_covered": 70.58823529411765, "percent_statements_covered_display": "71"}, "missing_lines": [75, 77, 78, 79, 87, 88, 89, 91, 92, 93], "excluded_lines": [], "start_line": 57}, "get_breach": {"executed_lines": [111, 112, 113, 114, 115, 124, 125, 126, 127, 128, 129, 130, 131, 132, 133], "summary": {"covered_lines": 15, "num_statements": 21, "percent_covered": 71.42857142857143, "percent_covered_display": "71", "missing_lines": 6, "excluded_lines": 0, "percent_statements_covered": 71.42857142857143, "percent_statements_covered_display": "71"}, "missing_lines": [116, 117, 118, 120, 121, 122], "excluded_lines": [], "start_line": 110}, "create_breach": {"executed_lines": [142, 145, 147, 148, 149, 150, 151, 152, 153], "summary": {"covered_lines": 9, "num_statements": 9, "percent_covered": 100.0, "percent_covered_display": "100", "missing_lines": 0, "excluded_lines": 0, "percent_statements_covered": 100.0, "percent_statements_covered_display": "100"}, "missing_lines": [], "excluded_lines": [], "start_line": 141}, "update_breach": {"executed_lines": [], "summary": {"covered_lines": 0, "num_statements": 11, "percent_covered": 0.0, "percent_covered_display": "0", "missing_lines": 11, "excluded_lines": 0, "percent_statements_covered": 0.0, "percent_statements_covered_display": "0"}, "missing_lines": [162, 165, 167, 168, 169, 171, 176, 177, 178, 179, 180], "excluded_lines": [], "start_line": 161}, "patch_breach": {"executed_lines": [], "summary": {"covered_lines": 0, "num_statements": 13, "percent_covered": 0.0, "percent_covered_display": "0", "missing_lines": 13, "excluded_lines": 0, "percent_statements_covered": 0.0, "percent_statements_covered_display": "0"}, "missing_lines": [189, 190, 191, 194, 196, 197, 198, 200, 205, 206, 207, 208, 209], "excluded_lines": [], "start_line": 188}, "delete_breach": {"executed_lines": [219, 220, 221, 223, 225], "summary": {"covered_lines": 5, "num_statements": 5, "percent_covered": 100.0, "percent_covered_display": "100", "missing_lines": 0, "excluded_lines": 0, "percent_statements_covered": 100.0, "percent_statements_covered_display": "100"}, "missing_lines": [], "excluded_lines": [], "start_line": 218}, "exposure_check": {"executed_lines": [234, 235, 236, 237, 238, 239, 240, 242, 243], "summary": {"covered_lines": 9, "num_statements": 10, "percent_covered": 90.0, "percent_covered_display": "90", "missing_lines": 1, "excluded_lines": 0, "percent_statements_covered": 90.0, "percent_statements_covered_display": "90"}, "missing_lines": [241], "excluded_lines": [], "start_line": 233}, "geo_near": {"executed_lines": [], "summary": {"covered_lines": 0, "num_statements": 16, "percent_covered": 0.0, "percent_covered_display": "0", "missing_lines": 16, "excluded_lines": 0, "percent_statements_covered": 0.0, "percent_statements_covered_display": "0"}, "missing_lines": [252, 253, 254, 255, 256, 257, 259, 260, 261, 262, 263, 264, 265, 267, 268, 269], "excluded_lines": [], "start_line": 251}, "geo_within_bounds": {"executed_lines": [], "summary": {"covered_lines": 0, "num_statements": 17, "percent_covered": 0.0, "percent_covered_display": "0", "missing_lines": 17, "excluded_lines": 0, "percent_statements_covered": 0.0, "percent_statements_covered_display": "0"}, "missing_lines": [278, 279, 280, 281, 282, 283, 284, 285, 286, 287, 288, 290, 294, 295, 297, 298, 299], "excluded_lines": [], "start_line": 277}, "geo_geojson": {"executed_lines": [], "summary": {"covered_lines": 0, "num_statements": 5, "percent_covered": 0.0, "percent_covered_display": "0", "missing_lines": 5, "excluded_lines": 0, "percent_statements_covered": 0.0, "percent_statements_covered_display": "0"}, "missing_lines": [304, 305, 306, 307, 308], "excluded_lines": [], "start_line": 303}, "list_affected_accounts": {"executed_lines": [318, 319, 321], "summary": {"covered_lines": 3, "num_statements": 4, "percent_covered": 75.0, "percent_covered_display": "75", "missing_lines": 1, "excluded_lines": 0, "percent_statements_covered": 75.0, "percent_statements_covered_display": "75"}, "missing_lines": [320], "excluded_lines": [], "start_line": 317}, "get_affected_account": {"executed_lines": [], "summary": {"covered_lines": 0, "num_statements": 4, "percent_covered": 0.0, "percent_covered_display": "0", "missing_lines": 4, "excluded_lines": 0, "percent_statements_covered": 0.0, "percent_statements_covered_display": "0"}, "missing_lines": [327, 328, 329, 330], "excluded_lines": [], "start_line": 326}, "add_affected_account": {"executed_lines": [336, 337, 338, 339, 340, 341, 343, 344, 345], "summary": {"covered_lines": 9, "num_statements": 10, "percent_covered": 90.0, "percent_covered_display": "90", "missing_lines": 1, "excluded_lines": 0, "percent_statements_covered": 90.0, "percent_statements_covered_display": "90"}, "missing_lines": [342], "excluded_lines": [], "start_line": 335}, "update_affected_account": {"executed_lines": [], "summary": {"covered_lines": 0, "num_statements": 8, "percent_covered": 0.0, "percent_covered_display": "0", "missing_lines": 8, "excluded_lines": 0, "percent_statements_covered": 0.0, "percent_statements_covered_display": "0"}, "missing_lines": [351, 352, 353, 354, 355, 356, 357, 358], "excluded_lines": [], "start_line": 350}, "delete_affected_account": {"executed_lines": [364, 365, 367], "summary": {"covered_lines": 3, "num_statements": 4, "percent_covered": 75.0, "percent_covered_display": "75", "missing_lines": 1, "excluded_lines": 0, "percent_statements_covered": 75.0, "percent_statements_covered_display": "75"}, "missing_lines": [366], "excluded_lines": [], "start_line": 363}, "list_timeline": {"executed_lines": [377, 378, 380], "summary": {"covered_lines": 3, "num_statements": 4, "percent_covered": 75.0, "percent_covered_display": "75", "missing_lines": 1, "excluded_lines": 0, "percent_statements_covered": 75.0, "percent_statements_covered_display": "75"}, "missing_lines": [379], "excluded_lines": [], "start_line": 376}, "get_timeline_event": {"executed_lines": [], "summary": {"covered_lines": 0, "num_statements": 4, "percent_covered": 0.0, "percent_covered_display": "0", "missing_lines": 4, "excluded_lines": 0, "percent_statements_covered": 0.0, "percent_statements_covered_display": "0"}, "missing_lines": [386, 387, 388, 389], "excluded_lines": [], "start_line": 385}, "add_timeline_event": {"executed_lines": [395, 396, 397, 398, 399, 400, 402, 403, 404], "summary": {"covered_lines": 9, "num_statements": 10, "percent_covered": 90.0, "percent_covered_display": "90", "missing_lines": 1, "excluded_lines": 0, "percent_statements_covered": 90.0, "percent_statements_covered_display": "90"}, "missing_lines": [401], "excluded_lines": [], "start_line": 394}, "update_timeline_event": {"executed_lines": [], "summary": {"covered_lines": 0, "num_statements": 8, "percent_covered": 0.0, "percent_covered_display": "0", "missing_lines": 8, "excluded_lines": 0, "percent_statements_covered": 0.0, "percent_statements_covered_display": "0"}, "missing_lines": [410, 411, 412, 413, 414, 415, 416, 417], "excluded_lines": [], "start_line": 409}, "delete_timeline_event": {"executed_lines": [], "summary": {"covered_lines": 0, "num_statements": 4, "percent_covered": 0.0, "percent_covered_display": "0", "missing_lines": 4, "excluded_lines": 0, "percent_statements_covered": 0.0, "percent_statements_covered_display": "0"}, "missing_lines": [423, 424, 425, 426], "excluded_lines": [], "start_line": 422}, "list_remediation": {"executed_lines": [], "summary": {"covered_lines": 0, "num_statements": 4, "percent_covered": 0.0, "percent_covered_display": "0", "missing_lines": 4, "excluded_lines": 0, "percent_statements_covered": 0.0, "percent_statements_covered_display": "0"}, "missing_lines": [436, 437, 438, 439], "excluded_lines": [], "start_line": 435}, "get_remediation_action": {"executed_lines": [], "summary": {"covered_lines": 0, "num_statements": 4, "percent_covered": 0.0, "percent_covered_display": "0", "missing_lines": 4, "excluded_lines": 0, "percent_statements_covered": 0.0, "percent_statements_covered_display": "0"}, "missing_lines": [445, 446, 447, 448], "excluded_lines": [], "start_line": 444}, "add_remediation_action": {"executed_lines": [], "summary": {"covered_lines": 0, "num_statements": 10, "percent_covered": 0.0, "percent_covered_display": "0", "missing_lines": 10, "excluded_lines": 0, "percent_statements_covered": 0.0, "percent_statements_covered_display": "0"}, "missing_lines": [454, 455, 456, 457, 458, 459, 460, 461, 462, 463], "excluded_lines": [], "start_line": 453}, "update_remediation_action": {"executed_lines": [], "summary": {"covered_lines": 0, "num_statements": 8, "percent_covered": 0.0, "percent_covered_display": "0", "missing_lines": 8, "excluded_lines": 0, "percent_statements_covered": 0.0, "percent_statements_covered_display": "0"}, "missing_lines": [469, 470, 471, 472, 473, 474, 475, 476], "excluded_lines": [], "start_line": 468}, "delete_remediation_action": {"executed_lines": [], "summary": {"covered_lines": 0, "num_statements": 4, "percent_covered": 0.0, "percent_covered_display": "0", "missing_lines": 4, "excluded_lines": 0, "percent_statements_covered": 0.0, "percent_statements_covered_display": "0"}, "missing_lines": [482, 483, 484, 485], "excluded_lines": [], "start_line": 481}, "list_alerts": {"executed_lines": [], "summary": {"covered_lines": 0, "num_statements": 4, "percent_covered": 0.0, "percent_covered_display": "0", "missing_lines": 4, "excluded_lines": 0, "percent_statements_covered": 0.0, "percent_statements_covered_display": "0"}, "missing_lines": [495, 496, 497, 498], "excluded_lines": [], "start_line": 494}, "get_alert": {"executed_lines": [], "summary": {"covered_lines": 0, "num_statements": 4, "percent_covered": 0.0, "percent_covered_display": "0", "missing_lines": 4, "excluded_lines": 0, "percent_statements_covered": 0.0, "percent_statements_covered_display": "0"}, "missing_lines": [504, 505, 506, 507], "excluded_lines": [], "start_line": 503}, "create_alert": {"executed_lines": [513, 514, 515, 516, 517, 518, 520, 521, 522], "summary": {"covered_lines": 9, "num_statements": 10, "percent_covered": 90.0, "percent_covered_display": "90", "missing_lines": 1, "excluded_lines": 0, "percent_statements_covered": 90.0, "percent_statements_covered_display": "90"}, "missing_lines": [519], "excluded_lines": [], "start_line": 512}, "update_alert": {"executed_lines": [528, 529, 530, 532, 533, 535], "summary": {"covered_lines": 6, "num_statements": 8, "percent_covered": 75.0, "percent_covered_display": "75", "missing_lines": 2, "excluded_lines": 0, "percent_statements_covered": 75.0, "percent_statements_covered_display": "75"}, "missing_lines": [531, 534], "excluded_lines": [], "start_line": 527}, "delete_alert": {"executed_lines": [], "summary": {"covered_lines": 0, "num_statements": 4, "percent_covered": 0.0, "percent_covered_display": "0", "missing_lines": 4, "excluded_lines": 0, "percent_statements_covered": 0.0, "percent_statements_covered_display": "0"}, "missing_lines": [541, 542, 543, 544], "excluded_lines": [], "start_line": 540}, "": {"executed_lines": [14, 15, 16, 17, 18, 19, 20, 21, 33, 39, 40, 43, 56, 57, 109, 110, 139, 140, 141, 159, 160, 161, 186, 187, 188, 215, 216, 217, 218, 232, 233, 250, 251, 276, 277, 302, 303, 315, 316, 317, 324, 325, 326, 333, 334, 335, 348, 349, 350, 361, 362, 363, 374, 375, 376, 383, 384, 385, 392, 393, 394, 407, 408, 409, 420, 421, 422, 433, 434, 435, 442, 443, 444, 451, 452, 453, 466, 467, 468, 479, 480, 481, 492, 493, 494, 501, 502, 503, 510, 511, 512, 525, 526, 527, 538, 539, 540], "summary": {"covered_lines": 97, "num_statements": 97, "percent_covered": 100.0, "percent_covered_display": "100", "missing_lines": 0, "excluded_lines": 0, "percent_statements_covered": 100.0, "percent_statements_covered_display": "100"}, "missing_lines": [], "excluded_lines": [], "start_line": 1}}, "classes": {"": {"executed_lines": [14, 15, 16, 17, 18, 19, 20, 21, 33, 39, 40, 43, 44, 46, 56, 57, 58, 59, 60, 61, 62, 63, 65, 66, 67, 68, 69, 70, 72, 73, 74, 76, 82, 83, 84, 85, 86, 95, 100, 101, 109, 110, 111, 112, 113, 114, 115, 124, 125, 126, 127, 128, 129, 130, 131, 132, 133, 139, 140, 141, 142, 145, 147, 148, 149, 150, 151, 152, 153, 159, 160, 161, 186, 187, 188, 215, 216, 217, 218, 219, 220, 221, 223, 225, 232, 233, 234, 235, 236, 237, 238, 239, 240, 242, 243, 250, 251, 276, 277, 302, 303, 315, 316, 317, 318, 319, 321, 324, 325, 326, 333, 334, 335, 336, 337, 338, 339, 340, 341, 343, 344, 345, 348, 349, 350, 361, 362, 363, 364, 365, 367, 374, 375, 376, 377, 378, 380, 383, 384, 385, 392, 393, 394, 395, 396, 397, 398, 399, 400, 402, 403, 404, 407, 408, 409, 420, 421, 422, 433, 434, 435, 442, 443, 444, 451, 452, 453, 466, 467, 468, 479, 480, 481, 492, 493, 494, 501, 502, 503, 510, 511, 512, 513, 514, 515, 516, 517, 518, 520, 521, 522, 525, 526, 527, 528, 529, 530, 532, 533, 535, 538, 539, 540], "summary": {"covered_lines": 203, "num_statements": 361, "percent_covered": 56.232686980609415, "percent_covered_display": "56", "missing_lines": 158, "excluded_lines": 0, "percent_statements_covered": 56.232686980609415, "percent_statements_covered_display": "56"}, "missing_lines": [45, 75, 77, 78, 79, 87, 88, 89, 91, 92, 93, 116, 117, 118, 120, 121, 122, 162, 165, 167, 168, 169, 171, 176, 177, 178, 179, 180, 189, 190, 191, 194, 196, 197, 198, 200, 205, 206, 207, 208, 209, 241, 252, 253, 254, 255, 256, 257, 259, 260, 261, 262, 263, 264, 265, 267, 268, 269, 278, 279, 280, 281, 282, 283, 284, 285, 286, 287, 288, 290, 294, 295, 297, 298, 299, 304, 305, 306, 307, 308, 320, 327, 328, 329, 330, 342, 351, 352, 353, 354, 355, 356, 357, 358, 366, 379, 386, 387, 388, 389, 401, 410, 411, 412, 413, 414, 415, 416, 417, 423, 424, 425, 426, 436, 437, 438, 439, 445, 446, 447, 448, 454, 455, 456, 457, 458, 459, 460, 461, 462, 463, 469, 470, 471, 472, 473, 474, 475, 476, 482, 483, 484, 485, 495, 496, 497, 498, 504, 505, 506, 507, 519, 531, 534, 541, 542, 543, 544], "excluded_lines": [], "start_line": 1}}}, "app/routes/users.py": {"executed_lines": [5, 6, 7, 8, 9, 11, 12, 18, 19, 20, 36, 37, 38, 51, 52, 53, 91, 92, 93], "summary": {"covered_lines": 19, "num_statements": 62, "percent_covered": 30.64516129032258, "percent_covered_display": "31", "missing_lines": 43, "excluded_lines": 0, "percent_statements_covered": 30.64516129032258, "percent_statements_covered_display": "31"}, "missing_lines": [21, 22, 23, 24, 25, 26, 27, 28, 40, 41, 42, 43, 44, 45, 54, 55, 58, 59, 61, 62, 63, 64, 65, 67, 68, 69, 70, 71, 72, 74, 75, 76, 77, 79, 80, 82, 83, 84, 85, 94, 95, 96, 97], "excluded_lines": [], "functions": {"list_users": {"executed_lines": [], "summary": {"covered_lines": 0, "num_statements": 8, "percent_covered": 0.0, "percent_covered_display": "0", "missing_lines": 8, "excluded_lines": 0, "percent_statements_covered": 0.0, "percent_statements_covered_display": "0"}, "missing_lines": [21, 22, 23, 24, 25, 26, 27, 28], "excluded_lines": [], "start_line": 20}, "get_user": {"executed_lines": [], "summary": {"covered_lines": 0, "num_statements": 6, "percent_covered": 0.0, "percent_covered_display": "0", "missing_lines": 6, "excluded_lines": 0, "percent_statements_covered": 0.0, "percent_statements_covered_display": "0"}, "missing_lines": [40, 41, 42, 43, 44, 45], "excluded_lines": [], "start_line": 38}, "update_user": {"executed_lines": [], "summary": {"covered_lines": 0, "num_statements": 25, "percent_covered": 0.0, "percent_covered_display": "0", "missing_lines": 25, "excluded_lines": 0, "percent_statements_covered": 0.0, "percent_statements_covered_display": "0"}, "missing_lines": [54, 55, 58, 59, 61, 62, 63, 64, 65, 67, 68, 69, 70, 71, 72, 74, 75, 76, 77, 79, 80, 82, 83, 84, 85], "excluded_lines": [], "start_line": 53}, "delete_user": {"executed_lines": [], "summary": {"covered_lines": 0, "num_statements": 4, "percent_covered": 0.0, "percent_covered_display": "0", "missing_lines": 4, "excluded_lines": 0, "percent_statements_covered": 0.0, "percent_statements_covered_display": "0"}, "missing_lines": [94, 95, 96, 97], "excluded_lines": [], "start_line": 93}, "": {"executed_lines": [5, 6, 7, 8, 9, 11, 12, 18, 19, 20, 36, 37, 38, 51, 52, 53, 91, 92, 93], "summary": {"covered_lines": 19, "num_statements": 19, "percent_covered": 100.0, "percent_covered_display": "100", "missing_lines": 0, "excluded_lines": 0, "percent_statements_covered": 100.0, "percent_statements_covered_display": "100"}, "missing_lines": [], "excluded_lines": [], "start_line": 1}}, "classes": {"": {"executed_lines": [5, 6, 7, 8, 9, 11, 12, 18, 19, 20, 36, 37, 38, 51, 52, 53, 91, 92, 93], "summary": {"covered_lines": 19, "num_statements": 62, "percent_covered": 30.64516129032258, "percent_covered_display": "31", "missing_lines": 43, "excluded_lines": 0, "percent_statements_covered": 30.64516129032258, "percent_statements_covered_display": "31"}, "missing_lines": [21, 22, 23, 24, 25, 26, 27, 28, 40, 41, 42, 43, 44, 45, 54, 55, 58, 59, 61, 62, 63, 64, 65, 67, 68, 69, 70, 71, 72, 74, 75, 76, 77, 79, 80, 82, 83, 84, 85, 94, 95, 96, 97], "excluded_lines": [], "start_line": 1}}}, "app/services/analytics_service.py": {"executed_lines": [5, 6, 9, 12, 13, 20, 47, 69, 101, 126, 147, 182, 215, 240, 262], "summary": {"covered_lines": 15, "num_statements": 48, "percent_covered": 31.25, "percent_covered_display": "31", "missing_lines": 33, "excluded_lines": 0, "percent_statements_covered": 31.25, "percent_statements_covered_display": "31"}, "missing_lines": [14, 22, 41, 49, 63, 71, 72, 95, 103, 120, 128, 141, 149, 176, 184, 209, 217, 234, 243, 244, 246, 247, 256, 264, 278, 279, 284, 289, 290, 293, 296, 299, 301], "excluded_lines": [], "functions": {"AnalyticsService.col": {"executed_lines": [], "summary": {"covered_lines": 0, "num_statements": 1, "percent_covered": 0.0, "percent_covered_display": "0", "missing_lines": 1, "excluded_lines": 0, "percent_statements_covered": 0.0, "percent_statements_covered_display": "0"}, "missing_lines": [14], "excluded_lines": [], "start_line": 13}, "AnalyticsService.risk_by_industry": {"executed_lines": [], "summary": {"covered_lines": 0, "num_statements": 2, "percent_covered": 0.0, "percent_covered_display": "0", "missing_lines": 2, "excluded_lines": 0, "percent_statements_covered": 0.0, "percent_statements_covered_display": "0"}, "missing_lines": [22, 41], "excluded_lines": [], "start_line": 20}, "AnalyticsService.severity_breakdown": {"executed_lines": [], "summary": {"covered_lines": 0, "num_statements": 2, "percent_covered": 0.0, "percent_covered_display": "0", "missing_lines": 2, "excluded_lines": 0, "percent_statements_covered": 0.0, "percent_statements_covered_display": "0"}, "missing_lines": [49, 63], "excluded_lines": [], "start_line": 47}, "AnalyticsService.monthly_trend": {"executed_lines": [], "summary": {"covered_lines": 0, "num_statements": 3, "percent_covered": 0.0, "percent_covered_display": "0", "missing_lines": 3, "excluded_lines": 0, "percent_statements_covered": 0.0, "percent_statements_covered_display": "0"}, "missing_lines": [71, 72, 95], "excluded_lines": [], "start_line": 69}, "AnalyticsService.top_organisations": {"executed_lines": [], "summary": {"covered_lines": 0, "num_statements": 2, "percent_covered": 0.0, "percent_covered_display": "0", "missing_lines": 2, "excluded_lines": 0, "percent_statements_covered": 0.0, "percent_statements_covered_display": "0"}, "missing_lines": [103, 120], "excluded_lines": [], "start_line": 101}, "AnalyticsService.data_types_frequency": {"executed_lines": [], "summary": {"covered_lines": 0, "num_statements": 2, "percent_covered": 0.0, "percent_covered_display": "0", "missing_lines": 2, "excluded_lines": 0, "percent_statements_covered": 0.0, "percent_statements_covered_display": "0"}, "missing_lines": [128, 141], "excluded_lines": [], "start_line": 126}, "AnalyticsService.remediation_rate": {"executed_lines": [], "summary": {"covered_lines": 0, "num_statements": 2, "percent_covered": 0.0, "percent_covered_display": "0", "missing_lines": 2, "excluded_lines": 0, "percent_statements_covered": 0.0, "percent_statements_covered_display": "0"}, "missing_lines": [149, 176], "excluded_lines": [], "start_line": 147}, "AnalyticsService.alert_acknowledgement": {"executed_lines": [], "summary": {"covered_lines": 0, "num_statements": 2, "percent_covered": 0.0, "percent_covered_display": "0", "missing_lines": 2, "excluded_lines": 0, "percent_statements_covered": 0.0, "percent_statements_covered_display": "0"}, "missing_lines": [184, 209], "excluded_lines": [], "start_line": 182}, "AnalyticsService.industry_year_trend": {"executed_lines": [], "summary": {"covered_lines": 0, "num_statements": 2, "percent_covered": 0.0, "percent_covered_display": "0", "missing_lines": 2, "excluded_lines": 0, "percent_statements_covered": 0.0, "percent_statements_covered_display": "0"}, "missing_lines": [217, 234], "excluded_lines": [], "start_line": 215}, "AnalyticsService.risk_score_distribution": {"executed_lines": [], "summary": {"covered_lines": 0, "num_statements": 5, "percent_covered": 0.0, "percent_covered_display": "0", "missing_lines": 5, "excluded_lines": 0, "percent_statements_covered": 0.0, "percent_statements_covered_display": "0"}, "missing_lines": [243, 244, 246, 247, 256], "excluded_lines": [], "start_line": 240}, "AnalyticsService.summary": {"executed_lines": [], "summary": {"covered_lines": 0, "num_statements": 10, "percent_covered": 0.0, "percent_covered_display": "0", "missing_lines": 10, "excluded_lines": 0, "percent_statements_covered": 0.0, "percent_statements_covered_display": "0"}, "missing_lines": [264, 278, 279, 284, 289, 290, 293, 296, 299, 301], "excluded_lines": [], "start_line": 262}, "": {"executed_lines": [5, 6, 9, 12, 13, 20, 47, 69, 101, 126, 147, 182, 215, 240, 262], "summary": {"covered_lines": 15, "num_statements": 15, "percent_covered": 100.0, "percent_covered_display": "100", "missing_lines": 0, "excluded_lines": 0, "percent_statements_covered": 100.0, "percent_statements_covered_display": "100"}, "missing_lines": [], "excluded_lines": [], "start_line": 1}}, "classes": {"AnalyticsService": {"executed_lines": [], "summary": {"covered_lines": 0, "num_statements": 33, "percent_covered": 0.0, "percent_covered_display": "0", "missing_lines": 33, "excluded_lines": 0, "percent_statements_covered": 0.0, "percent_statements_covered_display": "0"}, "missing_lines": [14, 22, 41, 49, 63, 71, 72, 95, 103, 120, 128, 141, 149, 176, 184, 209, 217, 234, 243, 244, 246, 247, 256, 264, 278, 279, 284, 289, 290, 293, 296, 299, 301], "excluded_lines": [], "start_line": 9}, "": {"executed_lines": [5, 6, 9, 12, 13, 20, 47, 69, 101, 126, 147, 182, 215, 240, 262], "summary": {"covered_lines": 15, "num_statements": 15, "percent_covered": 100.0, "percent_covered_display": "100", "missing_lines": 0, "excluded_lines": 0, "percent_statements_covered": 100.0, "percent_statements_covered_display": "100"}, "missing_lines": [], "excluded_lines": [], "start_line": 1}}}, "app/services/auth_service.py": {"executed_lines": [4, 5, 6, 7, 8, 9, 10, 11, 12, 13, 14, 17, 20, 22, 23, 24, 26, 28, 35, 43, 44, 45, 55, 56, 61, 75, 82, 109, 142, 154, 213, 228, 276, 323], "summary": {"covered_lines": 34, "num_statements": 144, "percent_covered": 23.61111111111111, "percent_covered_display": "24", "missing_lines": 110, "excluded_lines": 0, "percent_statements_covered": 23.61111111111111, "percent_statements_covered_display": "24"}, "missing_lines": [29, 57, 59, 60, 63, 64, 65, 66, 67, 69, 84, 85, 87, 90, 91, 92, 94, 95, 98, 105, 107, 115, 116, 118, 120, 122, 124, 125, 127, 130, 131, 132, 133, 137, 146, 160, 161, 162, 163, 165, 166, 168, 169, 171, 172, 174, 176, 177, 180, 182, 184, 185, 188, 193, 194, 196, 215, 216, 217, 218, 219, 220, 221, 222, 239, 241, 243, 245, 246, 249, 250, 253, 254, 257, 258, 261, 271, 274, 284, 286, 287, 289, 290, 292, 293, 296, 302, 303, 306, 308, 312, 315, 316, 318, 319, 321, 332, 333, 334, 336, 337, 338, 339, 342, 345, 360, 361, 362, 364, 365], "excluded_lines": [], "functions": {"AuthService.col": {"executed_lines": [24], "summary": {"covered_lines": 1, "num_statements": 1, "percent_covered": 100.0, "percent_covered_display": "100", "missing_lines": 0, "excluded_lines": 0, "percent_statements_covered": 100.0, "percent_statements_covered_display": "100"}, "missing_lines": [], "excluded_lines": [], "start_line": 23}, "AuthService.ensure_indexes": {"executed_lines": [28], "summary": {"covered_lines": 1, "num_statements": 2, "percent_covered": 50.0, "percent_covered_display": "50", "missing_lines": 1, "excluded_lines": 0, "percent_statements_covered": 50.0, "percent_statements_covered_display": "50"}, "missing_lines": [29], "excluded_lines": [], "start_line": 26}, "AuthService.register": {"executed_lines": [43, 44, 45, 55, 56, 61], "summary": {"covered_lines": 6, "num_statements": 15, "percent_covered": 40.0, "percent_covered_display": "40", "missing_lines": 9, "excluded_lines": 0, "percent_statements_covered": 40.0, "percent_statements_covered_display": "40"}, "missing_lines": [57, 59, 60, 63, 64, 65, 66, 67, 69], "excluded_lines": [], "start_line": 35}, "AuthService.check_account_lockout": {"executed_lines": [82], "summary": {"covered_lines": 1, "num_statements": 12, "percent_covered": 8.333333333333334, "percent_covered_display": "8", "missing_lines": 11, "excluded_lines": 0, "percent_statements_covered": 8.333333333333334, "percent_statements_covered_display": "8"}, "missing_lines": [84, 85, 87, 90, 91, 92, 94, 95, 98, 105, 107], "excluded_lines": [], "start_line": 75}, "AuthService.record_failed_login": {"executed_lines": [], "summary": {"covered_lines": 0, "num_statements": 13, "percent_covered": 0.0, "percent_covered_display": "0", "missing_lines": 13, "excluded_lines": 0, "percent_statements_covered": 0.0, "percent_statements_covered_display": "0"}, "missing_lines": [115, 116, 118, 120, 122, 124, 125, 127, 130, 131, 132, 133, 137], "excluded_lines": [], "start_line": 109}, "AuthService.reset_failed_attempts": {"executed_lines": [], "summary": {"covered_lines": 0, "num_statements": 1, "percent_covered": 0.0, "percent_covered_display": "0", "missing_lines": 1, "excluded_lines": 0, "percent_statements_covered": 0.0, "percent_statements_covered_display": "0"}, "missing_lines": [146], "excluded_lines": [], "start_line": 142}, "AuthService.login": {"executed_lines": [], "summary": {"covered_lines": 0, "num_statements": 21, "percent_covered": 0.0, "percent_covered_display": "0", "missing_lines": 21, "excluded_lines": 0, "percent_statements_covered": 0.0, "percent_statements_covered_display": "0"}, "missing_lines": [160, 161, 162, 163, 165, 166, 168, 169, 171, 172, 174, 176, 177, 180, 182, 184, 185, 188, 193, 194, 196], "excluded_lines": [], "start_line": 154}, "AuthService.get_user_by_id": {"executed_lines": [], "summary": {"covered_lines": 0, "num_statements": 8, "percent_covered": 0.0, "percent_covered_display": "0", "missing_lines": 8, "excluded_lines": 0, "percent_statements_covered": 0.0, "percent_statements_covered_display": "0"}, "missing_lines": [215, 216, 217, 218, 219, 220, 221, 222], "excluded_lines": [], "start_line": 213}, "AuthService.generate_password_reset_token": {"executed_lines": [], "summary": {"covered_lines": 0, "num_statements": 14, "percent_covered": 0.0, "percent_covered_display": "0", "missing_lines": 14, "excluded_lines": 0, "percent_statements_covered": 0.0, "percent_statements_covered_display": "0"}, "missing_lines": [239, 241, 243, 245, 246, 249, 250, 253, 254, 257, 258, 261, 271, 274], "excluded_lines": [], "start_line": 228}, "AuthService.validate_password_reset_token": {"executed_lines": [], "summary": {"covered_lines": 0, "num_statements": 18, "percent_covered": 0.0, "percent_covered_display": "0", "missing_lines": 18, "excluded_lines": 0, "percent_statements_covered": 0.0, "percent_statements_covered_display": "0"}, "missing_lines": [284, 286, 287, 289, 290, 292, 293, 296, 302, 303, 306, 308, 312, 315, 316, 318, 319, 321], "excluded_lines": [], "start_line": 276}, "AuthService.reset_password_with_token": {"executed_lines": [], "summary": {"covered_lines": 0, "num_statements": 14, "percent_covered": 0.0, "percent_covered_display": "0", "missing_lines": 14, "excluded_lines": 0, "percent_statements_covered": 0.0, "percent_statements_covered_display": "0"}, "missing_lines": [332, 333, 334, 336, 337, 338, 339, 342, 345, 360, 361, 362, 364, 365], "excluded_lines": [], "start_line": 323}, "": {"executed_lines": [4, 5, 6, 7, 8, 9, 10, 11, 12, 13, 14, 17, 20, 22, 23, 26, 35, 75, 109, 142, 154, 213, 228, 276, 323], "summary": {"covered_lines": 25, "num_statements": 25, "percent_covered": 100.0, "percent_covered_display": "100", "missing_lines": 0, "excluded_lines": 0, "percent_statements_covered": 100.0, "percent_statements_covered_display": "100"}, "missing_lines": [], "excluded_lines": [], "start_line": 1}}, "classes": {"AuthService": {"executed_lines": [24, 28, 43, 44, 45, 55, 56, 61, 82], "summary": {"covered_lines": 9, "num_statements": 119, "percent_covered": 7.563025210084033, "percent_covered_display": "8", "missing_lines": 110, "excluded_lines": 0, "percent_statements_covered": 7.563025210084033, "percent_statements_covered_display": "8"}, "missing_lines": [29, 57, 59, 60, 63, 64, 65, 66, 67, 69, 84, 85, 87, 90, 91, 92, 94, 95, 98, 105, 107, 115, 116, 118, 120, 122, 124, 125, 127, 130, 131, 132, 133, 137, 146, 160, 161, 162, 163, 165, 166, 168, 169, 171, 172, 174, 176, 177, 180, 182, 184, 185, 188, 193, 194, 196, 215, 216, 217, 218, 219, 220, 221, 222, 239, 241, 243, 245, 246, 249, 250, 253, 254, 257, 258, 261, 271, 274, 284, 286, 287, 289, 290, 292, 293, 296, 302, 303, 306, 308, 312, 315, 316, 318, 319, 321, 332, 333, 334, 336, 337, 338, 339, 342, 345, 360, 361, 362, 364, 365], "excluded_lines": [], "start_line": 17}, "": {"executed_lines": [4, 5, 6, 7, 8, 9, 10, 11, 12, 13, 14, 17, 20, 22, 23, 26, 35, 75, 109, 142, 154, 213, 228, 276, 323], "summary": {"covered_lines": 25, "num_statements": 25, "percent_covered": 100.0, "percent_covered_display": "100", "missing_lines": 0, "excluded_lines": 0, "percent_statements_covered": 100.0, "percent_statements_covered_display": "100"}, "missing_lines": [], "excluded_lines": [], "start_line": 1}}}, "app/services/breach_service.py": {"executed_lines": [4, 5, 6, 7, 8, 9, 10, 11, 14, 24, 32, 39, 50, 59, 62, 64, 65, 72, 85, 94, 95, 123, 174, 183, 220, 261, 305, 316, 338, 413, 424, 434, 456, 475, 494, 504, 513, 533, 553, 571, 581, 590, 611, 633, 651, 661, 670, 694, 712, 730, 751, 776], "summary": {"covered_lines": 52, "num_statements": 422, "percent_covered": 12.322274881516588, "percent_covered_display": "12", "missing_lines": 370, "excluded_lines": 0, "percent_statements_covered": 12.322274881516588, "percent_statements_covered_display": "12"}, "missing_lines": [41, 42, 43, 44, 45, 46, 47, 48, 66, 74, 75, 76, 77, 78, 79, 87, 88, 89, 90, 91, 92, 110, 111, 112, 113, 115, 116, 117, 143, 144, 145, 146, 147, 148, 149, 150, 151, 152, 153, 154, 155, 156, 157, 160, 162, 163, 164, 166, 167, 168, 176, 177, 178, 179, 180, 181, 185, 186, 187, 188, 190, 191, 193, 194, 216, 217, 218, 222, 223, 224, 225, 227, 228, 229, 230, 231, 233, 234, 235, 236, 238, 239, 241, 242, 258, 259, 263, 264, 265, 266, 268, 269, 270, 271, 272, 274, 279, 280, 281, 282, 283, 284, 285, 287, 289, 290, 291, 295, 296, 297, 298, 299, 300, 302, 303, 307, 308, 309, 310, 311, 312, 313, 314, 322, 323, 324, 325, 326, 327, 328, 329, 330, 331, 332, 347, 349, 350, 359, 360, 362, 363, 364, 365, 367, 368, 369, 370, 372, 374, 375, 376, 377, 378, 379, 380, 381, 382, 383, 384, 392, 393, 394, 401, 402, 415, 416, 417, 418, 419, 420, 421, 422, 426, 427, 428, 429, 430, 431, 432, 436, 437, 438, 439, 440, 441, 442, 450, 454, 458, 459, 460, 461, 462, 463, 464, 465, 466, 467, 471, 472, 473, 477, 478, 479, 480, 481, 482, 486, 487, 488, 495, 496, 497, 498, 499, 500, 501, 502, 505, 506, 507, 508, 509, 510, 511, 514, 515, 516, 517, 518, 519, 520, 527, 531, 534, 535, 536, 537, 538, 539, 540, 541, 542, 543, 544, 545, 549, 550, 551, 554, 555, 556, 557, 558, 559, 563, 564, 565, 572, 573, 574, 575, 576, 577, 578, 579, 582, 583, 584, 585, 586, 587, 588, 591, 592, 593, 594, 595, 596, 597, 605, 609, 612, 613, 614, 615, 616, 617, 618, 619, 620, 621, 622, 623, 624, 625, 629, 630, 631, 634, 635, 636, 637, 638, 639, 643, 644, 645, 652, 653, 654, 655, 656, 657, 658, 659, 662, 663, 664, 665, 666, 667, 668, 671, 672, 673, 674, 675, 676, 677, 680, 688, 692, 695, 696, 697, 698, 699, 700, 701, 702, 703, 704, 708, 709, 710, 713, 714, 715, 716, 717, 718, 722, 723, 724, 732, 743, 744, 745, 747, 748, 749, 755, 765, 778, 779, 780, 781, 782, 783], "excluded_lines": [], "functions": {"_data_type_weight": {"executed_lines": [], "summary": {"covered_lines": 0, "num_statements": 8, "percent_covered": 0.0, "percent_covered_display": "0", "missing_lines": 8, "excluded_lines": 0, "percent_statements_covered": 0.0, "percent_statements_covered_display": "0"}, "missing_lines": [41, 42, 43, 44, 45, 46, 47, 48], "excluded_lines": [], "start_line": 39}, "BreachService.col": {"executed_lines": [], "summary": {"covered_lines": 0, "num_statements": 1, "percent_covered": 0.0, "percent_covered_display": "0", "missing_lines": 1, "excluded_lines": 0, "percent_statements_covered": 0.0, "percent_statements_covered_display": "0"}, "missing_lines": [66], "excluded_lines": [], "start_line": 65}, "BreachService.ensure_indexes": {"executed_lines": [], "summary": {"covered_lines": 0, "num_statements": 6, "percent_covered": 0.0, "percent_covered_display": "0", "missing_lines": 6, "excluded_lines": 0, "percent_statements_covered": 0.0, "percent_statements_covered_display": "0"}, "missing_lines": [74, 75, 76, 77, 78, 79], "excluded_lines": [], "start_line": 72}, "BreachService._safe_objectid": {"executed_lines": [], "summary": {"covered_lines": 0, "num_statements": 6, "percent_covered": 0.0, "percent_covered_display": "0", "missing_lines": 6, "excluded_lines": 0, "percent_statements_covered": 0.0, "percent_statements_covered_display": "0"}, "missing_lines": [87, 88, 89, 90, 91, 92], "excluded_lines": [], "start_line": 85}, "BreachService.compute_risk_score": {"executed_lines": [], "summary": {"covered_lines": 0, "num_statements": 7, "percent_covered": 0.0, "percent_covered_display": "0", "missing_lines": 7, "excluded_lines": 0, "percent_statements_covered": 0.0, "percent_statements_covered_display": "0"}, "missing_lines": [110, 111, 112, 113, 115, 116, 117], "excluded_lines": [], "start_line": 95}, "BreachService.list_breaches": {"executed_lines": [], "summary": {"covered_lines": 0, "num_statements": 22, "percent_covered": 0.0, "percent_covered_display": "0", "missing_lines": 22, "excluded_lines": 0, "percent_statements_covered": 0.0, "percent_statements_covered_display": "0"}, "missing_lines": [143, 144, 145, 146, 147, 148, 149, 150, 151, 152, 153, 154, 155, 156, 157, 160, 162, 163, 164, 166, 167, 168], "excluded_lines": [], "start_line": 123}, "BreachService.get_by_id": {"executed_lines": [], "summary": {"covered_lines": 0, "num_statements": 6, "percent_covered": 0.0, "percent_covered_display": "0", "missing_lines": 6, "excluded_lines": 0, "percent_statements_covered": 0.0, "percent_statements_covered_display": "0"}, "missing_lines": [176, 177, 178, 179, 180, 181], "excluded_lines": [], "start_line": 174}, "BreachService.create": {"executed_lines": [], "summary": {"covered_lines": 0, "num_statements": 11, "percent_covered": 0.0, "percent_covered_display": "0", "missing_lines": 11, "excluded_lines": 0, "percent_statements_covered": 0.0, "percent_statements_covered_display": "0"}, "missing_lines": [185, 186, 187, 188, 190, 191, 193, 194, 216, 217, 218], "excluded_lines": [], "start_line": 183}, "BreachService.update": {"executed_lines": [], "summary": {"covered_lines": 0, "num_statements": 19, "percent_covered": 0.0, "percent_covered_display": "0", "missing_lines": 19, "excluded_lines": 0, "percent_statements_covered": 0.0, "percent_statements_covered_display": "0"}, "missing_lines": [222, 223, 224, 225, 227, 228, 229, 230, 231, 233, 234, 235, 236, 238, 239, 241, 242, 258, 259], "excluded_lines": [], "start_line": 220}, "BreachService.patch": {"executed_lines": [], "summary": {"covered_lines": 0, "num_statements": 29, "percent_covered": 0.0, "percent_covered_display": "0", "missing_lines": 29, "excluded_lines": 0, "percent_statements_covered": 0.0, "percent_statements_covered_display": "0"}, "missing_lines": [263, 264, 265, 266, 268, 269, 270, 271, 272, 274, 279, 280, 281, 282, 283, 284, 285, 287, 289, 290, 291, 295, 296, 297, 298, 299, 300, 302, 303], "excluded_lines": [], "start_line": 261}, "BreachService.delete": {"executed_lines": [], "summary": {"covered_lines": 0, "num_statements": 8, "percent_covered": 0.0, "percent_covered_display": "0", "missing_lines": 8, "excluded_lines": 0, "percent_statements_covered": 0.0, "percent_statements_covered_display": "0"}, "missing_lines": [307, 308, 309, 310, 311, 312, 313, 314], "excluded_lines": [], "start_line": 305}, "BreachService.bulk_delete": {"executed_lines": [], "summary": {"covered_lines": 0, "num_statements": 11, "percent_covered": 0.0, "percent_covered_display": "0", "missing_lines": 11, "excluded_lines": 0, "percent_statements_covered": 0.0, "percent_statements_covered_display": "0"}, "missing_lines": [322, 323, 324, 325, 326, 327, 328, 329, 330, 331, 332], "excluded_lines": [], "start_line": 316}, "BreachService.check_exposure": {"executed_lines": [], "summary": {"covered_lines": 0, "num_statements": 29, "percent_covered": 0.0, "percent_covered_display": "0", "missing_lines": 29, "excluded_lines": 0, "percent_statements_covered": 0.0, "percent_statements_covered_display": "0"}, "missing_lines": [347, 349, 359, 360, 362, 363, 364, 365, 367, 368, 369, 370, 372, 374, 375, 376, 377, 378, 379, 380, 381, 382, 383, 384, 392, 393, 394, 401, 402], "excluded_lines": [], "start_line": 338}, "BreachService.check_exposure._to_item": {"executed_lines": [], "summary": {"covered_lines": 0, "num_statements": 1, "percent_covered": 0.0, "percent_covered_display": "0", "missing_lines": 1, "excluded_lines": 0, "percent_statements_covered": 0.0, "percent_statements_covered_display": "0"}, "missing_lines": [350], "excluded_lines": [], "start_line": 349}, "BreachService.list_affected_accounts": {"executed_lines": [], "summary": {"covered_lines": 0, "num_statements": 8, "percent_covered": 0.0, "percent_covered_display": "0", "missing_lines": 8, "excluded_lines": 0, "percent_statements_covered": 0.0, "percent_statements_covered_display": "0"}, "missing_lines": [415, 416, 417, 418, 419, 420, 421, 422], "excluded_lines": [], "start_line": 413}, "BreachService.get_affected_account": {"executed_lines": [], "summary": {"covered_lines": 0, "num_statements": 7, "percent_covered": 0.0, "percent_covered_display": "0", "missing_lines": 7, "excluded_lines": 0, "percent_statements_covered": 0.0, "percent_statements_covered_display": "0"}, "missing_lines": [426, 427, 428, 429, 430, 431, 432], "excluded_lines": [], "start_line": 424}, "BreachService.add_affected_account": {"executed_lines": [], "summary": {"covered_lines": 0, "num_statements": 9, "percent_covered": 0.0, "percent_covered_display": "0", "missing_lines": 9, "excluded_lines": 0, "percent_statements_covered": 0.0, "percent_statements_covered_display": "0"}, "missing_lines": [436, 437, 438, 439, 440, 441, 442, 450, 454], "excluded_lines": [], "start_line": 434}, "BreachService.update_affected_account": {"executed_lines": [], "summary": {"covered_lines": 0, "num_statements": 13, "percent_covered": 0.0, "percent_covered_display": "0", "missing_lines": 13, "excluded_lines": 0, "percent_statements_covered": 0.0, "percent_statements_covered_display": "0"}, "missing_lines": [458, 459, 460, 461, 462, 463, 464, 465, 466, 467, 471, 472, 473], "excluded_lines": [], "start_line": 456}, "BreachService.delete_affected_account": {"executed_lines": [], "summary": {"covered_lines": 0, "num_statements": 9, "percent_covered": 0.0, "percent_covered_display": "0", "missing_lines": 9, "excluded_lines": 0, "percent_statements_covered": 0.0, "percent_statements_covered_display": "0"}, "missing_lines": [477, 478, 479, 480, 481, 482, 486, 487, 488], "excluded_lines": [], "start_line": 475}, "BreachService.list_timeline": {"executed_lines": [], "summary": {"covered_lines": 0, "num_statements": 8, "percent_covered": 0.0, "percent_covered_display": "0", "missing_lines": 8, "excluded_lines": 0, "percent_statements_covered": 0.0, "percent_statements_covered_display": "0"}, "missing_lines": [495, 496, 497, 498, 499, 500, 501, 502], "excluded_lines": [], "start_line": 494}, "BreachService.get_timeline_event": {"executed_lines": [], "summary": {"covered_lines": 0, "num_statements": 7, "percent_covered": 0.0, "percent_covered_display": "0", "missing_lines": 7, "excluded_lines": 0, "percent_statements_covered": 0.0, "percent_statements_covered_display": "0"}, "missing_lines": [505, 506, 507, 508, 509, 510, 511], "excluded_lines": [], "start_line": 504}, "BreachService.add_timeline_event": {"executed_lines": [], "summary": {"covered_lines": 0, "num_statements": 9, "percent_covered": 0.0, "percent_covered_display": "0", "missing_lines": 9, "excluded_lines": 0, "percent_statements_covered": 0.0, "per
[...]
6, 167, 168, 181, 182, 183, 184, 196, 197, 209, 210], "excluded_lines": [], "functions": {"send_password_reset_email": {"executed_lines": [], "summary": {"covered_lines": 0, "num_statements": 25, "percent_covered": 0.0, "percent_covered_display": "0", "missing_lines": 25, "excluded_lines": 0, "percent_statements_covered": 0.0, "percent_statements_covered_display": "0"}, "missing_lines": [35, 36, 39, 40, 43, 44, 46, 61, 76, 78, 79, 80, 81, 82, 83, 84, 85, 87, 89, 91, 93, 95, 97, 100, 101], "excluded_lines": [], "start_line": 19}, "_send_via_smtp": {"executed_lines": [], "summary": {"covered_lines": 0, "num_statements": 29, "percent_covered": 0.0, "percent_covered_display": "0", "missing_lines": 29, "excluded_lines": 0, "percent_statements_covered": 0.0, "percent_statements_covered_display": "0"}, "missing_lines": [114, 115, 116, 117, 119, 120, 121, 122, 123, 124, 126, 127, 128, 131, 132, 133, 134, 137, 138, 141, 142, 143, 144, 145, 147, 148, 150, 151, 152], "excluded_lines": [], "start_line": 104}, "_send_via_sendgrid": {"executed_lines": [], "summary": {"covered_lines": 0, "num_statements": 4, "percent_covered": 0.0, "percent_covered_display": "0", "missing_lines": 4, "excluded_lines": 0, "percent_statements_covered": 0.0, "percent_statements_covered_display": "0"}, "missing_lines": [165, 166, 167, 168], "excluded_lines": [], "start_line": 155}, "_send_via_ses": {"executed_lines": [], "summary": {"covered_lines": 0, "num_statements": 4, "percent_covered": 0.0, "percent_covered_display": "0", "missing_lines": 4, "excluded_lines": 0, "percent_statements_covered": 0.0, "percent_statements_covered_display": "0"}, "missing_lines": [181, 182, 183, 184], "excluded_lines": [], "start_line": 171}, "send_welcome_email": {"executed_lines": [], "summary": {"covered_lines": 0, "num_statements": 2, "percent_covered": 0.0, "percent_covered_display": "0", "missing_lines": 2, "excluded_lines": 0, "percent_statements_covered": 0.0, "percent_statements_covered_display": "0"}, "missing_lines": [196, 197], "excluded_lines": [], "start_line": 187}, "send_account_locked_email": {"executed_lines": [], "summary": {"covered_lines": 0, "num_statements": 2, "percent_covered": 0.0, "percent_covered_display": "0", "missing_lines": 2, "excluded_lines": 0, "percent_statements_covered": 0.0, "percent_statements_covered_display": "0"}, "missing_lines": [209, 210], "excluded_lines": [], "start_line": 200}, "": {"executed_lines": [12, 13, 14, 16, 19, 104, 155, 171, 187, 200], "summary": {"covered_lines": 10, "num_statements": 10, "percent_covered": 100.0, "percent_covered_display": "100", "missing_lines": 0, "excluded_lines": 0, "percent_statements_covered": 100.0, "percent_statements_covered_display": "100"}, "missing_lines": [], "excluded_lines": [], "start_line": 1}}, "classes": {"": {"executed_lines": [12, 13, 14, 16, 19, 104, 155, 171, 187, 200], "summary": {"covered_lines": 10, "num_statements": 76, "percent_covered": 13.157894736842104, "percent_covered_display": "13", "missing_lines": 66, "excluded_lines": 0, "percent_statements_covered": 13.157894736842104, "percent_statements_covered_display": "13"}, "missing_lines": [35, 36, 39, 40, 43, 44, 46, 61, 76, 78, 79, 80, 81, 82, 83, 84, 85, 87, 89, 91, 93, 95, 97, 100, 101, 114, 115, 116, 117, 119, 120, 121, 122, 123, 124, 126, 127, 128, 131, 132, 133, 134, 137, 138, 141, 142, 143, 144, 145, 147, 148, 150, 151, 152, 165, 166, 167, 168, 181, 182, 183, 184, 196, 197, 209, 210], "excluded_lines": [], "start_line": 1}}}, "app/utils/geo_utils.py": {"executed_lines": [4, 7, 23, 53], "summary": {"covered_lines": 4, "num_statements": 20, "percent_covered": 20.0, "percent_covered_display": "20", "missing_lines": 16, "excluded_lines": 0, "percent_statements_covered": 20.0, "percent_statements_covered_display": "20"}, "missing_lines": [9, 10, 11, 12, 13, 14, 15, 16, 17, 18, 19, 20, 33, 34, 35, 63], "excluded_lines": [], "functions": {"validate_coordinates": {"executed_lines": [], "summary": {"covered_lines": 0, "num_statements": 12, "percent_covered": 0.0, "percent_covered_display": "0", "missing_lines": 12, "excluded_lines": 0, "percent_statements_covered": 0.0, "percent_statements_covered_display": "0"}, "missing_lines": [9, 10, 11, 12, 13, 14, 15, 16, 17, 18, 19, 20], "excluded_lines": [], "start_line": 7}, "breach_to_geojson_feature": {"executed_lines": [], "summary": {"covered_lines": 0, "num_statements": 3, "percent_covered": 0.0, "percent_covered_display": "0", "missing_lines": 3, "excluded_lines": 0, "percent_statements_covered": 0.0, "percent_statements_covered_display": "0"}, "missing_lines": [33, 34, 35], "excluded_lines": [], "start_line": 23}, "breaches_to_feature_collection": {"executed_lines": [], "summary": {"covered_lines": 0, "num_statements": 1, "percent_covered": 0.0, "percent_covered_display": "0", "missing_lines": 1, "excluded_lines": 0, "percent_statements_covered": 0.0, "percent_statements_covered_display": "0"}, "missing_lines": [63], "excluded_lines": [], "start_line": 53}, "": {"executed_lines": [4, 7, 23, 53], "summary": {"covered_lines": 4, "num_statements": 4, "percent_covered": 100.0, "percent_covered_display": "100", "missing_lines": 0, "excluded_lines": 0, "percent_statements_covered": 100.0, "percent_statements_covered_display": "100"}, "missing_lines": [], "excluded_lines": [], "start_line": 1}}, "classes": {"": {"executed_lines": [4, 7, 23, 53], "summary": {"covered_lines": 4, "num_statements": 20, "percent_covered": 20.0, "percent_covered_display": "20", "missing_lines": 16, "excluded_lines": 0, "percent_statements_covered": 20.0, "percent_statements_covered_display": "20"}, "missing_lines": [9, 10, 11, 12, 13, 14, 15, 16, 17, 18, 19, 20, 33, 34, 35, 63], "excluded_lines": [], "start_line": 1}}}, "app/utils/response.py": {"executed_lines": [4, 5, 6, 7, 10, 13, 14, 15, 16, 17, 21, 23, 26, 42, 43, 44, 45, 48, 64, 65, 66, 67], "summary": {"covered_lines": 22, "num_statements": 23, "percent_covered": 95.65217391304348, "percent_covered_display": "96", "missing_lines": 1, "excluded_lines": 0, "percent_statements_covered": 95.65217391304348, "percent_statements_covered_display": "96"}, "missing_lines": [18], "excluded_lines": [], "functions": {"MongoJSONEncoder.default": {"executed_lines": [14, 15, 16, 17], "summary": {"covered_lines": 4, "num_statements": 5, "percent_covered": 80.0, "percent_covered_display": "80", "missing_lines": 1, "excluded_lines": 0, "percent_statements_covered": 80.0, "percent_statements_covered_display": "80"}, "missing_lines": [18], "excluded_lines": [], "start_line": 13}, "_serialise": {"executed_lines": [23], "summary": {"covered_lines": 1, "num_statements": 1, "percent_covered": 100.0, "percent_covered_display": "100", "missing_lines": 0, "excluded_lines": 0, "percent_statements_covered": 100.0, "percent_statements_covered_display": "100"}, "missing_lines": [], "excluded_lines": [], "start_line": 21}, "success_response": {"executed_lines": [42, 43, 44, 45], "summary": {"covered_lines": 4, "num_statements": 4, "percent_covered": 100.0, "percent_covered_display": "100", "missing_lines": 0, "excluded_lines": 0, "percent_statements_covered": 100.0, "percent_statements_covered_display": "100"}, "missing_lines": [], "excluded_lines": [], "start_line": 26}, "error_response": {"executed_lines": [64, 65, 66, 67], "summary": {"covered_lines": 4, "num_statements": 4, "percent_covered": 100.0, "percent_covered_display": "100", "missing_lines": 0, "excluded_lines": 0, "percent_statements_covered": 100.0, "percent_statements_covered_display": "100"}, "missing_lines": [], "excluded_lines": [], "start_line": 48}, "": {"executed_lines": [4, 5, 6, 7, 10, 13, 21, 26, 48], "summary": {"covered_lines": 9, "num_statements": 9, "percent_covered": 100.0, "percent_covered_display": "100", "missing_lines": 0, "excluded_lines": 0, "percent_statements_covered": 100.0, "percent_statements_covered_display": "100"}, "missing_lines": [], "excluded_lines": [], "start_line": 1}}, "classes": {"MongoJSONEncoder": {"executed_lines": [14, 15, 16, 17], "summary": {"covered_lines": 4, "num_statements": 5, "percent_covered": 80.0, "percent_covered_display": "80", "missing_lines": 1, "excluded_lines": 0, "percent_statements_covered": 80.0, "percent_statements_covered_display": "80"}, "missing_lines": [18], "excluded_lines": [], "start_line": 10}, "": {"executed_lines": [4, 5, 6, 7, 10, 13, 21, 23, 26, 42, 43, 44, 45, 48, 64, 65, 66, 67], "summary": {"covered_lines": 18, "num_statements": 18, "percent_covered": 100.0, "percent_covered_display": "100", "missing_lines": 0, "excluded_lines": 0, "percent_statements_covered": 100.0, "percent_statements_covered_display": "100"}, "missing_lines": [], "excluded_lines": [], "start_line": 1}}}, "app/utils/validators.py": {"executed_lines": [4, 5, 6, 7, 8, 10, 11, 12, 16, 17, 20, 21, 24, 25, 26, 28, 29, 32, 34, 37, 39, 42, 51, 53, 55, 56, 57, 58, 59, 60, 64, 66, 67, 68, 69, 70, 74, 85, 87, 90, 91, 92, 93, 95, 96, 97, 100, 101, 102, 105, 106, 107, 109, 110, 113, 114, 117, 118, 119, 122, 123, 124, 127, 128, 131, 132, 134, 137, 140, 141, 142, 144, 145, 146, 149, 150, 151, 153, 155, 158, 159, 160, 161, 163, 166, 168, 169, 172, 174, 175, 178, 179, 180, 181, 182, 183, 186, 188, 189, 190, 191, 192, 193, 196, 198, 199, 200, 201, 202, 203, 205, 206, 207, 208, 209, 210, 212, 214, 217, 233, 235, 236, 237, 238, 240, 241, 242, 244, 246, 253, 279, 280, 283, 284, 291, 292, 295, 299, 303, 306, 325, 327, 329, 330, 333, 336, 337, 340, 341, 343, 346, 365, 366, 367, 368, 370, 383, 388, 394, 397, 431, 434, 436, 439, 442, 450, 453, 486, 512, 515, 516, 519, 520, 523, 527, 528, 529, 530, 531, 535, 543, 551, 557, 562, 565], "summary": {"covered_lines": 185, "num_statements": 256, "percent_covered": 72.265625, "percent_covered_display": "72", "missing_lines": 71, "excluded_lines": 0, "percent_statements_covered": 72.265625, "percent_statements_covered_display": "72"}, "missing_lines": [44, 45, 46, 47, 48, 54, 61, 71, 98, 103, 111, 115, 120, 125, 129, 135, 138, 147, 152, 154, 156, 170, 171, 173, 176, 204, 211, 213, 219, 220, 221, 222, 223, 224, 225, 226, 227, 228, 229, 230, 239, 243, 245, 432, 473, 474, 477, 478, 481, 483, 524, 532, 536, 537, 538, 539, 540, 544, 545, 546, 547, 548, 552, 553, 554, 558, 559, 560, 577, 578, 580], "excluded_lines": [], "functions": {"is_valid_email": {"executed_lines": [34], "summary": {"covered_lines": 1, "num_statements": 1, "percent_covered": 100.0, "percent_covered_display": "100", "missing_lines": 0, "excluded_lines": 0, "percent_statements_covered": 100.0, "percent_statements_covered_display": "100"}, "missing_lines": [], "excluded_lines": [], "start_line": 32}, "is_valid_domain": {"executed_lines": [39], "summary": {"covered_lines": 1, "num_statements": 1, "percent_covered": 100.0, "percent_covered_display": "100", "missing_lines": 0, "excluded_lines": 0, "percent_statements_covered": 100.0, "percent_statements_covered_display": "100"}, "missing_lines": [], "excluded_lines": [], "start_line": 37}, "is_valid_url": {"executed_lines": [], "summary": {"covered_lines": 0, "num_statements": 5, "percent_covered": 0.0, "percent_covered_display": "0", "missing_lines": 5, "excluded_lines": 0, "percent_statements_covered": 0.0, "percent_statements_covered_display": "0"}, "missing_lines": [44, 45, 46, 47, 48], "excluded_lines": [], "start_line": 42}, "is_valid_iso_date": {"executed_lines": [53, 55, 56, 57, 58, 59, 60], "summary": {"covered_lines": 7, "num_statements": 9, "percent_covered": 77.77777777777777, "percent_covered_display": "78", "missing_lines": 2, "excluded_lines": 0, "percent_statements_covered": 77.77777777777777, "percent_statements_covered_display": "78"}, "missing_lines": [54, 61], "excluded_lines": [], "start_line": 51}, "parse_iso_date": {"executed_lines": [66, 67, 68, 69, 70], "summary": {"covered_lines": 5, "num_statements": 6, "percent_covered": 83.33333333333333, "percent_covered_display": "83", "missing_lines": 1, "excluded_lines": 0, "percent_statements_covered": 83.33333333333333, "percent_statements_covered_display": "83"}, "missing_lines": [71], "excluded_lines": [], "start_line": 64}, "validate_breach_payload": {"executed_lines": [85, 87, 90, 91, 92, 93, 95, 96, 97, 100, 101, 102, 105, 106, 107, 109, 110, 113, 114, 117, 118, 119, 122, 123, 124, 127, 128, 131, 132, 134, 137, 140, 141, 142, 144, 145, 146, 149, 150, 151, 153, 155, 158, 159, 160, 161, 163], "summary": {"covered_lines": 47, "num_statements": 60, "percent_covered": 78.33333333333333, "percent_covered_display": "78", "missing_lines": 13, "excluded_lines": 0, "percent_statements_covered": 78.33333333333333, "percent_statements_covered_display": "78"}, "missing_lines": [98, 103, 111, 115, 120, 125, 129, 135, 138, 147, 152, 154, 156], "excluded_lines": [], "start_line": 74}, "validate_geojson_point": {"executed_lines": [168, 169, 172, 174, 175, 178, 179, 180, 181, 182, 183], "summary": {"covered_lines": 11, "num_statements": 15, "percent_covered": 73.33333333333333, "percent_covered_display": "73", "missing_lines": 4, "excluded_lines": 0, "percent_statements_covered": 73.33333333333333, "percent_statements_covered_display": "73"}, "missing_lines": [170, 171, 173, 176], "excluded_lines": [], "start_line": 166}, "validate_affected_account": {"executed_lines": [188, 189, 190, 191, 192, 193], "summary": {"covered_lines": 6, "num_statements": 6, "percent_covered": 100.0, "percent_covered_display": "100", "missing_lines": 0, "excluded_lines": 0, "percent_statements_covered": 100.0, "percent_statements_covered_display": "100"}, "missing_lines": [], "excluded_lines": [], "start_line": 186}, "validate_timeline_event": {"executed_lines": [198, 199, 200, 201, 202, 203, 205, 206, 207, 208, 209, 210, 212, 214], "summary": {"covered_lines": 14, "num_statements": 17, "percent_covered": 82.3529411764706, "percent_covered_display": "82", "missing_lines": 3, "excluded_lines": 0, "percent_statements_covered": 82.3529411764706, "percent_statements_covered_display": "82"}, "missing_lines": [204, 211, 213], "excluded_lines": [], "start_line": 196}, "validate_remediation_action": {"executed_lines": [], "summary": {"covered_lines": 0, "num_statements": 12, "percent_covered": 0.0, "percent_covered_display": "0", "missing_lines": 12, "excluded_lines": 0, "percent_statements_covered": 0.0, "percent_statements_covered_display": "0"}, "missing_lines": [219, 220, 221, 222, 223, 224, 225, 226, 227, 228, 229, 230], "excluded_lines": [], "start_line": 217}, "validate_monitoring_alert": {"executed_lines": [235, 236, 237, 238, 240, 241, 242, 244, 246], "summary": {"covered_lines": 9, "num_statements": 12, "percent_covered": 75.0, "percent_covered_display": "75", "missing_lines": 3, "excluded_lines": 0, "percent_statements_covered": 75.0, "percent_statements_covered_display": "75"}, "missing_lines": [239, 243, 245], "excluded_lines": [], "start_line": 233}, "sanitize_mongo_input": {"executed_lines": [279, 280, 283, 284, 291, 292, 295, 299, 303], "summary": {"covered_lines": 9, "num_statements": 9, "percent_covered": 100.0, "percent_covered_display": "100", "missing_lines": 0, "excluded_lines": 0, "percent_statements_covered": 100.0, "percent_statements_covered_display": "100"}, "missing_lines": [], "excluded_lines": [], "start_line": 253}, "sanitize_query_params": {"executed_lines": [325, 327, 329, 330, 333, 336, 337, 340, 341, 343], "summary": {"covered_lines": 10, "num_statements": 10, "percent_covered": 100.0, "percent_covered_display": "100", "missing_lines": 0, "excluded_lines": 0, "percent_statements_covered": 100.0, "percent_statements_covered_display": "100"}, "missing_lines": [], "excluded_lines": [], "start_line": 306}, "safe_regex_query": {"executed_lines": [365, 366, 367, 368, 370], "summary": {"covered_lines": 5, "num_statements": 5, "percent_covered": 100.0, "percent_covered_display": "100", "missing_lines": 0, "excluded_lines": 0, "percent_statements_covered": 100.0, "percent_statements_covered_display": "100"}, "missing_lines": [], "excluded_lines": [], "start_line": 346}, "sanitize_html": {"executed_lines": [431, 434, 436, 439, 442, 450], "summary": {"covered_lines": 6, "num_statements": 7, "percent_covered": 85.71428571428571, "percent_covered_display": "86", "missing_lines": 1, "excluded_lines": 0, "percent_statements_covered": 85.71428571428571, "percent_statements_covered_display": "86"}, "missing_lines": [432], "excluded_lines": [], "start_line": 397}, "sanitize_text_for_display": {"executed_lines": [], "summary": {"covered_lines": 0, "num_statements": 6, "percent_covered": 0.0, "percent_covered_display": "0", "missing_lines": 6, "excluded_lines": 0, "percent_statements_covered": 0.0, "percent_statements_covered_display": "0"}, "missing_lines": [473, 474, 477, 478, 481, 483], "excluded_lines": [], "start_line": 453}, "sanitize_breach_payload_html": {"executed_lines": [512, 515, 516, 519, 520, 523, 527, 528, 529, 530, 531, 535, 543, 551, 557, 562], "summary": {"covered_lines": 16, "num_statements": 34, "percent_covered": 47.05882352941177, "percent_covered_display": "47", "missing_lines": 18, "excluded_lines": 0, "percent_statements_covered": 47.05882352941177, "percent_statements_covered_display": "47"}, "missing_lines": [524, 532, 536, 537, 538, 539, 540, 544, 545, 546, 547, 548, 552, 553, 554, 558, 559, 560], "excluded_lines": [], "start_line": 486}, "sanitize_comment_or_note": {"executed_lines": [], "summary": {"covered_lines": 0, "num_statements": 3, "percent_covered": 0.0, "percent_covered_display": "0", "missing_lines": 3, "excluded_lines": 0, "percent_statements_covered": 0.0, "percent_statements_covered_display": "0"}, "missing_lines": [577, 578, 580], "excluded_lines": [], "start_line": 565}, "": {"executed_lines": [4, 5, 6, 7, 8, 10, 11, 12, 16, 17, 20, 21, 24, 25, 26, 28, 29, 32, 37, 42, 51, 64, 74, 166, 186, 196, 217, 233, 253, 306, 346, 383, 388, 394, 397, 453, 486, 565], "summary": {"covered_lines": 38, "num_statements": 38, "percent_covered": 100.0, "percent_covered_display": "100", "missing_lines": 0, "excluded_lines": 0, "percent_statements_covered": 100.0, "percent_statements_covered_display": "100"}, "missing_lines": [], "excluded_lines": [], "start_line": 1}}, "classes": {"": {"executed_lines": [4, 5, 6, 7, 8, 10, 11, 12, 16, 17, 20, 21, 24, 25, 26, 28, 29, 32, 34, 37, 39, 42, 51, 53, 55, 56, 57, 58, 59, 60, 64, 66, 67, 68, 69, 70, 74, 85, 87, 90, 91, 92, 93, 95, 96, 97, 100, 101, 102, 105, 106, 107, 109, 110, 113, 114, 117, 118, 119, 122, 123, 124, 127, 128, 131, 132, 134, 137, 140, 141, 142, 144, 145, 146, 149, 150, 151, 153, 155, 158, 159, 160, 161, 163, 166, 168, 169, 172, 174, 175, 178, 179, 180, 181, 182, 183, 186, 188, 189, 190, 191, 192, 193, 196, 198, 199, 200, 201, 202, 203, 205, 206, 207, 208, 209, 210, 212, 214, 217, 233, 235, 236, 237, 238, 240, 241, 242, 244, 246, 253, 279, 280, 283, 284, 291, 292, 295, 299, 303, 306, 325, 327, 329, 330, 333, 336, 337, 340, 341, 343, 346, 365, 366, 367, 368, 370, 383, 388, 394, 397, 431, 434, 436, 439, 442, 450, 453, 486, 512, 515, 516, 519, 520, 523, 527, 528, 529, 530, 531, 535, 543, 551, 557, 562, 565], "summary": {"covered_lines": 185, "num_statements": 256, "percent_covered": 72.265625, "percent_covered_display": "72", "missing_lines": 71, "excluded_lines": 0, "percent_statements_covered": 72.265625, "percent_statements_covered_display": "72"}, "missing_lines": [44, 45, 46, 47, 48, 54, 61, 71, 98, 103, 111, 115, 120, 125, 129, 135, 138, 147, 152, 154, 156, 170, 171, 173, 176, 204, 211, 213, 219, 220, 221, 222, 223, 224, 225, 226, 227, 228, 229, 230, 239, 243, 245, 432, 473, 474, 477, 478, 481, 483, 524, 532, 536, 537, 538, 539, 540, 544, 545, 546, 547, 548, 552, 553, 554, 558, 559, 560, 577, 578, 580], "excluded_lines": [], "start_line": 1}}}}, "totals": {"covered_lines": 1022, "num_statements": 2139, "percent_covered": 47.77933613838242, "percent_covered_display": "48", "missing_lines": 1117, "excluded_lines": 1, "percent_statements_covered": 47.77933613838242, "percent_statements_covered_display": "48"}}
